2013-05-22 04:05:57.154+0000: Creating new db @ /Users/alex/Google Drive/projects/web/neo4j_farting_about/db/neo4j-development/neostore
2013-05-22 04:05:57.193+0000: [/Users/alex/Google Drive/projects/web/neo4j_farting_about/db/neo4j-development/neostore.nodestore.db] brickCount=0 brickSize=1090512b mappedMem=109051904b (storeSize=0b)
2013-05-22 04:05:57.199+0000: /Users/alex/Google Drive/projects/web/neo4j_farting_about/db/neo4j-development/neostore.nodestore.db hit=1 miss=0 switches=0 ooe=0
2013-05-22 04:05:57.214+0000: [/Users/alex/Google Drive/projects/web/neo4j_farting_about/db/neo4j-development/neostore.relationshiptypestore.db.names] brickCount=0 brickSize=0b mappedMem=0b (storeSize=38b)
2013-05-22 04:05:57.220+0000: [/Users/alex/Google Drive/projects/web/neo4j_farting_about/db/neo4j-development/neostore.relationshiptypestore.db] brickCount=0 brickSize=0b mappedMem=0b (storeSize=0b)
2013-05-22 04:05:57.220+0000: /Users/alex/Google Drive/projects/web/neo4j_farting_about/db/neo4j-development/neostore.relationshiptypestore.db.names hit=0 miss=0 switches=0 ooe=0
2013-05-22 04:05:57.222+0000: /Users/alex/Google Drive/projects/web/neo4j_farting_about/db/neo4j-development/neostore.relationshiptypestore.db hit=0 miss=0 switches=0 ooe=0
2013-05-22 04:05:57.223+0000: [/Users/alex/Google Drive/projects/web/neo4j_farting_about/db/neo4j-development/neostore.relationshiptypestore.db.names] brickCount=0 brickSize=0b mappedMem=0b (storeSize=38b)
2013-05-22 04:05:57.224+0000: [/Users/alex/Google Drive/projects/web/neo4j_farting_about/db/neo4j-development/neostore.relationshiptypestore.db] brickCount=0 brickSize=0b mappedMem=0b (storeSize=0b)
2013-05-22 04:05:57.224+0000: [/Users/alex/Google Drive/projects/web/neo4j_farting_about/db/neo4j-development/neostore.propertystore.db.strings] brickCount=0 brickSize=333440b mappedMem=333447168b (storeSize=128b)
2013-05-22 04:05:57.224+0000: [/Users/alex/Google Drive/projects/web/neo4j_farting_about/db/neo4j-development/neostore.propertystore.db.index.keys] brickCount=0 brickSize=1026b mappedMem=1048576b (storeSize=38b)
2013-05-22 04:05:57.227+0000: [/Users/alex/Google Drive/projects/web/neo4j_farting_about/db/neo4j-development/neostore.propertystore.db.index] brickCount=0 brickSize=10485b mappedMem=1048576b (storeSize=0b)
2013-05-22 04:05:57.229+0000: [/Users/alex/Google Drive/projects/web/neo4j_farting_about/db/neo4j-development/neostore.propertystore.db.arrays] brickCount=0 brickSize=378496b mappedMem=378535936b (storeSize=128b)
2013-05-22 04:05:57.232+0000: [/Users/alex/Google Drive/projects/web/neo4j_farting_about/db/neo4j-development/neostore.propertystore.db] brickCount=0 brickSize=3932146b mappedMem=393216000b (storeSize=0b)
2013-05-22 04:05:57.235+0000: [/Users/alex/Google Drive/projects/web/neo4j_farting_about/db/neo4j-development/neostore.relationshipstore.db] brickCount=0 brickSize=4812951b mappedMem=481296384b (storeSize=0b)
2013-05-22 04:05:57.235+0000: [/Users/alex/Google Drive/projects/web/neo4j_farting_about/db/neo4j-development/neostore.nodestore.db] brickCount=0 brickSize=109044b mappedMem=109051904b (storeSize=9b)
2013-05-22 04:05:57.236+0000: [/Users/alex/Google Drive/projects/web/neo4j_farting_about/db/neo4j-development/neostore] brickCount=0 brickSize=0b mappedMem=0b (storeSize=0b)
2013-05-22 04:05:57.241+0000: /Users/alex/Google Drive/projects/web/neo4j_farting_about/db/neo4j-development/neostore.relationshiptypestore.db.names hit=0 miss=0 switches=0 ooe=0
2013-05-22 04:05:57.242+0000: /Users/alex/Google Drive/projects/web/neo4j_farting_about/db/neo4j-development/neostore.relationshiptypestore.db hit=0 miss=0 switches=0 ooe=0
2013-05-22 04:05:57.242+0000: /Users/alex/Google Drive/projects/web/neo4j_farting_about/db/neo4j-development/neostore.propertystore.db.strings hit=0 miss=0 switches=0 ooe=0
2013-05-22 04:05:57.244+0000: /Users/alex/Google Drive/projects/web/neo4j_farting_about/db/neo4j-development/neostore.propertystore.db.index.keys hit=0 miss=0 switches=0 ooe=0
2013-05-22 04:05:57.245+0000: /Users/alex/Google Drive/projects/web/neo4j_farting_about/db/neo4j-development/neostore.propertystore.db.index hit=0 miss=0 switches=0 ooe=0
2013-05-22 04:05:57.246+0000: /Users/alex/Google Drive/projects/web/neo4j_farting_about/db/neo4j-development/neostore.propertystore.db.arrays hit=0 miss=0 switches=0 ooe=0
2013-05-22 04:05:57.248+0000: /Users/alex/Google Drive/projects/web/neo4j_farting_about/db/neo4j-development/neostore.propertystore.db hit=0 miss=0 switches=0 ooe=0
2013-05-22 04:05:57.249+0000: /Users/alex/Google Drive/projects/web/neo4j_farting_about/db/neo4j-development/neostore.relationshipstore.db hit=0 miss=0 switches=0 ooe=0
2013-05-22 04:05:57.250+0000: /Users/alex/Google Drive/projects/web/neo4j_farting_about/db/neo4j-development/neostore.nodestore.db hit=0 miss=0 switches=0 ooe=0
2013-05-22 04:05:57.252+0000: /Users/alex/Google Drive/projects/web/neo4j_farting_about/db/neo4j-development/neostore hit=0 miss=8 switches=0 ooe=0
2013-05-22 04:05:57.257+0000: [/Users/alex/Google Drive/projects/web/neo4j_farting_about/db/neo4j-development/neostore.relationshiptypestore.db.names] brickCount=0 brickSize=0b mappedMem=0b (storeSize=38b)
2013-05-22 04:05:57.258+0000: [/Users/alex/Google Drive/projects/web/neo4j_farting_about/db/neo4j-development/neostore.relationshiptypestore.db] brickCount=0 brickSize=0b mappedMem=0b (storeSize=0b)
2013-05-22 04:05:57.258+0000: [/Users/alex/Google Drive/projects/web/neo4j_farting_about/db/neo4j-development/neostore.propertystore.db.strings] brickCount=0 brickSize=333440b mappedMem=333447168b (storeSize=128b)
2013-05-22 04:05:57.259+0000: [/Users/alex/Google Drive/projects/web/neo4j_farting_about/db/neo4j-development/neostore.propertystore.db.index.keys] brickCount=0 brickSize=1026b mappedMem=1048576b (storeSize=38b)
2013-05-22 04:05:57.259+0000: [/Users/alex/Google Drive/projects/web/neo4j_farting_about/db/neo4j-development/neostore.propertystore.db.index] brickCount=0 brickSize=10485b mappedMem=1048576b (storeSize=0b)
2013-05-22 04:05:57.260+0000: [/Users/alex/Google Drive/projects/web/neo4j_farting_about/db/neo4j-development/neostore.propertystore.db.arrays] brickCount=0 brickSize=378496b mappedMem=378535936b (storeSize=128b)
2013-05-22 04:05:57.260+0000: [/Users/alex/Google Drive/projects/web/neo4j_farting_about/db/neo4j-development/neostore.propertystore.db] brickCount=0 brickSize=3932146b mappedMem=393216000b (storeSize=0b)
2013-05-22 04:05:57.261+0000: [/Users/alex/Google Drive/projects/web/neo4j_farting_about/db/neo4j-development/neostore.relationshipstore.db] brickCount=0 brickSize=4812951b mappedMem=481296384b (storeSize=0b)
2013-05-22 04:05:57.261+0000: [/Users/alex/Google Drive/projects/web/neo4j_farting_about/db/neo4j-development/neostore.nodestore.db] brickCount=0 brickSize=109044b mappedMem=109051904b (storeSize=9b)
2013-05-22 04:05:57.262+0000: [/Users/alex/Google Drive/projects/web/neo4j_farting_about/db/neo4j-development/neostore] brickCount=0 brickSize=0b mappedMem=0b (storeSize=54b)
2013-05-22 04:05:57.291+0000: Opened logical log [/Users/alex/Google Drive/projects/web/neo4j_farting_about/db/neo4j-development/nioneo_logical.log.1] version=0, lastTxId=1 (clean)
2013-05-22 04:05:57.329+0000: TM new log: tm_tx_log.1
2013-05-22 04:05:57.356+0000: Opened logical log [/Users/alex/Google Drive/projects/web/neo4j_farting_about/db/neo4j-development/index/lucene.log.1] version=0, lastTxId=1 (clean)
2013-05-22 04:05:57.360+0000: --- STARTUP diagnostics START ---
2013-05-22 04:05:57.363+0000: Neo4j Kernel properties:
    forced_kernel_id=
    read_only=false
    neo4j.ext.udc.host=udc.neo4j.org
    logical_log=nioneo_logical.log
    node_auto_indexing=false
    intercept_committing_transactions=false
    remote_shell_name=shell
    cache_type=soft
    intercept_deserialized_transactions=false
    lucene_searcher_cache_size=2147483647
    neo4j.ext.udc.interval=86400000
    use_memory_mapped_buffers=true
    timestamps=true
    rebuild_idgenerators_fast=true
    neostore.propertystore.db.index.keys.mapped_memory=1M
    neostore.propertystore.db.arrays.mapped_memory=361M
    neostore.propertystore.db.strings.mapped_memory=318M
    log_mapped_memory_stats_filename=mapped_memory_stats.log
    log_mapped_memory_stats_interval=1000000
    gcr_cache_min_log_interval=60s
    relationship_grab_size=100
    relationship_auto_indexing=false
    remote_shell_read_only=false
    storage_path=/Users/alex/Google Drive/projects/web/neo4j_farting_about/db/neo4j-development
    node_cache_array_fraction=1.0
    allow_store_upgrade=false
    execution_guard_enabled=false
    relationship_cache_array_fraction=1.0
    migration_thread=false
    store_dir=/Users/alex/Google Drive/projects/web/neo4j_farting_about/db/neo4j-development
    remote_logging_host=127.0.0.1
    online_backup_enabled=false
    remote_logging_port=4560
    gc_monitor_threshold=200ms
    enable_rules=true
    array_block_size=120
    load_kernel_extensions=true
    neostore.relationshipstore.db.mapped_memory=459M
    keep_logical_logs=true
    dump_configuration=false
    gc_monitor_wait_time=100ms
    neostore.nodestore.db.mapped_memory=104M
    neo4j.ext.udc.first_delay=600000
    remote_shell_enabled=false
    neo4j.ext.udc.reg=unreg
    remote_shell_port=1337
    identity_map=true
    log_mapped_memory_stats=false
    mapped_memory_page_size=1M
    neo_store=neostore
    query_cache_size=100
    logging.threshold_for_rotation=104857600
    neostore.propertystore.db.index.mapped_memory=1M
    backup_slave=false
    neostore.propertystore.db.mapped_memory=375M
    string_block_size=120
    grab_file_lock=true
    remote_logging_enabled=false
    neo4j.ext.udc.enabled=true
    all_stores_total_mapped_memory_size=500M
    online_backup_port=6362
2013-05-22 04:05:57.369+0000: Diagnostics providers:
    org.neo4j.kernel.configuration.Config
    org.neo4j.kernel.info.DiagnosticsManager
    SYSTEM_MEMORY
    JAVA_MEMORY
    OPERATING_SYSTEM
    JAVA_VIRTUAL_MACHINE
    CLASSPATH
    LIBRARY_PATH
    SYSTEM_PROPERTIES
    NETWORK
2013-05-22 04:05:57.370+0000: System memory information:
    Total Physical memory: 4.00 GB
    Free Physical memory: 200.80 MB
    Committed virtual memory: 3.29 GB
    Total swap space: 5.00 GB
    Free swap space: 897.03 MB
2013-05-22 04:05:57.403+0000: JVM memory information:
    Free  memory: 19.06 MB
    Total memory: 81.06 MB
    Max   memory: 493.75 MB
    Garbage Collector: ParNew: [Par Eden Space, Par Survivor Space]
    Garbage Collector: ConcurrentMarkSweep: [Par Eden Space, Par Survivor Space, CMS Old Gen, CMS Perm Gen]
    Memory Pool: Code Cache (Non-heap memory): committed=4.50 MB, used=4.37 MB, max=48.00 MB, threshold=0.00 B
    Memory Pool: Par Eden Space (Heap memory): committed=16.63 MB, used=7.80 MB, max=50.00 MB, threshold=?
    Memory Pool: Par Survivor Space (Heap memory): committed=2.06 MB, used=1.33 MB, max=6.25 MB, threshold=?
    Memory Pool: CMS Old Gen (Heap memory): committed=62.38 MB, used=52.87 MB, max=437.50 MB, threshold=0.00 B
    Memory Pool: CMS Perm Gen (Non-heap memory): committed=65.22 MB, used=52.15 MB, max=82.00 MB, threshold=0.00 B
2013-05-22 04:05:57.407+0000: Operating system information:
    Operating System: Mac OS X; version: 10.7.5; arch: x86_64; cpus: 4
    Max number of file descriptors: 10240
    Number of open file descriptors: 92
    Process id: 13937@lappy.local
    Byte order: LITTLE_ENDIAN
    Local timezone: America/Los_Angeles
2013-05-22 04:05:57.411+0000: JVM information:
    VM Name: Java HotSpot(TM) 64-Bit Server VM
    VM Vendor: Apple Inc.
    VM Version: 20.14-b01-447
    JIT compiler: HotSpot 64-Bit Tiered Compilers
    VM Arguments: [-Djdk.home=, -Djruby.home=/usr/local/rvm/rubies/jruby-1.7.4, -Djruby.script=jruby, -Djruby.shell=/bin/sh, -Djffi.boot.library.path=/usr/local/rvm/rubies/jruby-1.7.4/lib/native:/usr/local/rvm/rubies/jruby-1.7.4/lib/native/Darwin, -Xmx500m, -Xss2048k, -Xbootclasspath/a:/usr/local/rvm/rubies/jruby-1.7.4/lib/jruby.jar, -Dfile.encoding=UTF-8]
2013-05-22 04:05:57.412+0000: Java classpath:
     [bootstrap] /System/Library/Java/JavaVirtualMachines/1.6.0.jdk/Contents/Classes/charsets.jar
     [bootstrap] /usr/local/rvm/rubies/jruby-1.7.4/lib/jruby.jar
     [loader.0] file:/usr/local/rvm/gems/jruby-1.7.4@neo4j_farting_about/gems/neo4j-community-1.8.2-java/lib/neo4j-community/jars/server-api-1.8.2.jar
     [bootstrap] /System/Library/Frameworks/JavaVM.framework/Versions/A/Frameworks/JavaRuntimeSupport.framework/Versions/A/Resources/Java/JavaRuntimeSupport.jar
     [loader.2] file:/System/Library/Java/Extensions/dns_sd.jar
     [loader.2] file:/System/Library/Java/Extensions/MRJToolkit.jar
     [loader.0] file:/usr/local/rvm/gems/jruby-1.7.4@neo4j_farting_about/gems/neo4j-community-1.8.2-java/lib/neo4j-community/jars/neo4j-kernel-1.8.2.jar
     [loader.2] file:/System/Library/Java/Extensions/vecmath.jar
     [loader.0] file:/usr/local/rvm/gems/jruby-1.7.4@neo4j_farting_about/gems/neo4j-core-2.2.4-java/lib/neo4j-core/jars/neo4jrb-adaptor.jar
     [loader.2] file:/System/Library/Java/Extensions/libmlib_jai.jnilib
     [loader.0] file:/usr/local/rvm/gems/jruby-1.7.4@neo4j_farting_about/gems/trinidad_jars-1.2.3/trinidad-libs/tomcat-core.jar
     [loader.0] file:/usr/local/rvm/gems/jruby-1.7.4@neo4j_farting_about/gems/neo4j-community-1.8.2-java/lib/neo4j-community/jars/org.apache.servicemix.bundles.jline-0.9.94_1.jar
     [loader.2] file:/System/Library/Java/JavaVirtualMachines/1.6.0.jdk/Contents/Home/lib/ext/dnsns.jar
     [loader.0] file:/usr/local/rvm/gems/jruby-1.7.4@neo4j_farting_about/gems/neo4j-community-1.8.2-java/lib/neo4j-community/jars/concurrentlinkedhashmap-lru-1.3.1.jar
     [bootstrap] /System/Library/Java/JavaVirtualMachines/1.6.0.jdk/Contents/Classes/laf.jar
     [loader.0] file:/usr/local/rvm/gems/jruby-1.7.4@neo4j_farting_about/gems/neo4j-community-1.8.2-java/lib/neo4j-community/jars/neo4j-shell-1.8.2.jar
     [loader.2] file:/System/Library/Java/Extensions/libJ3D.jnilib
     [loader.2] file:/System/Library/Java/Extensions/mlibwrapper_jai.jar
     [bootstrap] /System/Library/Java/JavaVirtualMachines/1.6.0.jdk/Contents/Classes/classes.jar
     [loader.2] file:/System/Library/Java/JavaVirtualMachines/1.6.0.jdk/Contents/Home/lib/ext/localedata.jar
     [loader.0] file:/usr/local/rvm/gems/jruby-1.7.4@neo4j_farting_about/gems/json-1.8.0-java/lib/json/ext/parser.jar
     [loader.2] file:/System/Library/Java/Extensions/QTJava.zip
     [loader.0] file:/usr/local/rvm/gems/jruby-1.7.4@neo4j_farting_about/gems/neo4j-community-1.8.2-java/lib/neo4j-community/jars/neo4j-udc-1.8.2.jar
     [loader.0] file:/usr/local/rvm/gems/jruby-1.7.4@neo4j_farting_about/gems/neo4j-community-1.8.2-java/lib/neo4j-community/jars/neo4j-cypher-1.8.2.jar
     [bootstrap] /System/Library/Java/JavaVirtualMachines/1.6.0.jdk/Contents/Classes/ui.jar
     [loader.2] file:/System/Library/Java/Extensions/libAppleScriptEngine.jnilib
     [loader.2] file:/System/Library/Java/Extensions/libJ3DAudio.jnilib
     [loader.2] file:/System/Library/Java/Extensions/j3daudio.jar
     [loader.2] file:/System/Library/Java/Extensions/libJ3DUtils.jnilib
     [loader.0] file:/usr/local/rvm/gems/jruby-1.7.4@global/gems/jruby-openssl-0.8.8/lib/shared/jopenssl.jar
     [loader.2] file:/System/Library/Java/Extensions/libQTJNative.jnilib
     [loader.2] file:/System/Library/Java/Extensions/j3dcore.jar
     [loader.0] file:/usr/local/rvm/gems/jruby-1.7.4@neo4j_farting_about/gems/trinidad_jars-1.2.3/trinidad-libs/trinidad-rb.jar
     [loader.0] file:/usr/local/rvm/gems/jruby-1.7.4@neo4j_farting_about/gems/neo4j-community-1.8.2-java/lib/neo4j-community/jars/neo4j-lucene-index-1.8.2.jar
     [bootstrap] /System/Library/Java/JavaVirtualMachines/1.6.0.jdk/Contents/Classes/sunrsasign.jar
     [loader.0] file:/usr/local/rvm/gems/jruby-1.7.4@global/gems/bouncy-castle-java-1.5.0147/lib/bcprov-jdk15on-147.jar
     [loader.2] file:/System/Library/Java/Extensions/j3dutils.jar
     [loader.2] file:/System/Library/Java/Extensions/jai_core.jar
     [loader.2] file:/System/Library/Java/Extensions/jai_codec.jar
     [classpath] /Users/alex/Google Drive/projects/web/neo4j_farting_about
     [loader.0] file:/usr/local/rvm/gems/jruby-1.7.4@neo4j_farting_about/gems/json-1.8.0-java/lib/json/ext/generator.jar
     [loader.2] file:/System/Library/Java/JavaVirtualMachines/1.6.0.jdk/Contents/Home/lib/ext/sunjce_provider.jar
     [loader.0] file:/usr/local/rvm/gems/jruby-1.7.4@global/gems/bouncy-castle-java-1.5.0147/lib/bcpkix-jdk15on-147.jar
     [loader.0] file:/usr/local/rvm/gems/jruby-1.7.4@neo4j_farting_about/gems/jruby-rack-1.1.13.2/lib/jruby-rack-1.1.13.2.jar
     [loader.0] file:/usr/local/rvm/gems/jruby-1.7.4@neo4j_farting_about/gems/neo4j-community-1.8.2-java/lib/neo4j-community/jars/scala-library-2.9.1-1.jar
     [loader.0] file:/usr/local/rvm/gems/jruby-1.7.4@neo4j_farting_about/gems/neo4j-community-1.8.2-java/lib/neo4j-community/jars/neo4j-jmx-1.8.2.jar
     [loader.0] file:/usr/local/rvm/gems/jruby-1.7.4@neo4j_farting_about/gems/therubyrhino_jar-1.7.4/jar/rhino-1.7R4.jar
     [bootstrap] /System/Library/Java/JavaVirtualMachines/1.6.0.jdk/Contents/Home/lib/jce.jar
     [bootstrap] /System/Library/Java/JavaVirtualMachines/1.6.0.jdk/Contents/Classes/jsse.jar
     [loader.0] file:/usr/local/rvm/gems/jruby-1.7.4@neo4j_farting_about/gems/neo4j-community-1.8.2-java/lib/neo4j-community/jars/lucene-core-3.5.0.jar
     [loader.2] file:/System/Library/Java/Extensions/AppleScriptEngine.jar
     [loader.2] file:/System/Library/Java/JavaVirtualMachines/1.6.0.jdk/Contents/Home/lib/ext/apple_provider.jar
     [bootstrap] /System/Library/Java/JavaVirtualMachines/1.6.0.jdk/Contents/Classes/jsfd.jar
     [loader.0] file:/usr/local/rvm/gems/jruby-1.7.4@neo4j_farting_about/gems/neo4j-community-1.8.2-java/lib/neo4j-community/jars/neo4j-graph-algo-1.8.2.jar
     [loader.1] file:/Users/alex/Google%20Drive/projects/web/neo4j_farting_about/
     [loader.0] file:/usr/local/rvm/gems/jruby-1.7.4@neo4j_farting_about/gems/neo4j-community-1.8.2-java/lib/neo4j-community/jars/neo4j-graph-matching-1.8.2.jar
     [loader.2] file:/System/Library/Java/JavaVirtualMachines/1.6.0.jdk/Contents/Home/lib/ext/sunpkcs11.jar
     [loader.0] file:/usr/local/rvm/gems/jruby-1.7.4@neo4j_farting_about/gems/neo4j-community-1.8.2-java/lib/neo4j-community/jars/geronimo-jta_1.1_spec-1.1.1.jar
2013-05-22 04:05:57.414+0000: Library path:
    /usr/local/mysql-5.5.16-osx10.6-x86_64/lib
    /Users/alex/Google Drive/projects/web/neo4j_farting_about
    /Library/Java/Extensions
    /System/Library/Java/Extensions
    /usr/lib/java
2013-05-22 04:05:57.415+0000: System.properties:
    jruby.home = /usr/local/rvm/rubies/jruby-1.7.4
    sun.boot.library.path = /System/Library/Java/JavaVirtualMachines/1.6.0.jdk/Contents/Libraries
    awt.nativeDoubleBuffering = true
    gopherProxySet = false
    mrj.build = 11M4203
    path.separator = :
    org.apache.catalina.startup.EXIT_ON_INIT_FAILURE = true
    file.encoding.pkg = sun.io
    sun.java.launcher = SUN_STANDARD
    user.country = US
    sun.os.patch.level = unknown
    user.dir = /Users/alex/Google Drive/projects/web/neo4j_farting_about
    neo4j.ext.udc.source = neo4rb
    jdk.home = 
    sun.jnu.encoding = MacRoman
    sun.management.compiler = HotSpot 64-Bit Tiered Compilers
    http.nonProxyHosts = local|*.local|169.254/16|*.169.254/16
    jffi.boot.library.path = /usr/local/rvm/rubies/jruby-1.7.4/lib/native:/usr/local/rvm/rubies/jruby-1.7.4/lib/native/Darwin
    user.home = /Users/alex
    catalina.useNaming = true
    user.timezone = America/Los_Angeles
    file.encoding = UTF-8
    catalina.home = /Users/alex/Google Drive/projects/web/neo4j_farting_about
    jruby.script = jruby
    user.name = alex
    jruby.shell = /bin/sh
    sun.java.command = org/jruby/Main script/rails s trinidad
    sun.arch.data.model = 64
    user.language = en
    awt.toolkit = apple.awt.CToolkit
    catalina.base = /Users/alex/Google Drive/projects/web/neo4j_farting_about
    file.separator = /
    sun.io.unicode.encoding = UnicodeLittle
    sun.cpu.endian = little
    mrj.version = 1070.1.6.0_43-447
    socksNonProxyHosts = local|*.local|169.254/16|*.169.254/16
    ftp.nonProxyHosts = local|*.local|169.254/16|*.169.254/16
    sun.cpu.isalist = 
2013-05-22 04:05:57.415+0000: Network information:
    Interface en1:
        address: fe80:0:0:0:6233:4bff:fe10:5680%5
        address: 192.168.1.115
    Interface lo0:
        address: 0:0:0:0:0:0:0:1
        address: fe80:0:0:0:0:0:0:1%1
        address: 127.0.0.1
2013-05-22 04:05:57.425+0000: --- STARTUP diagnostics END ---
2013-05-22 04:05:57.429+0000: Recovery completed, all transactions have been resolved to a consistent state.
2013-05-22 04:05:57.458+0000: Extension org.neo4j.kernel.KernelExtension[kernel jmx] loaded ok
2013-05-22 04:05:57.462+0000: Extension org.neo4j.kernel.KernelExtension[kernel udc] loaded ok
2013-05-22 04:05:57.463+0000: Extension org.neo4j.kernel.KernelExtension[shell] loaded ok
2013-05-22 04:05:57.466+0000: --- STARTUP diagnostics for KernelDiagnostics:Versions START ---
2013-05-22 04:05:57.466+0000: Graph Database: org.neo4j.kernel.EmbeddedGraphDatabase StoreId[time:1369195557154, id:-6185445951002538619, store version: 13561656364791302]
2013-05-22 04:05:57.466+0000: Kernel version: Neo4j - Graph Database Kernel 1.8.2
2013-05-22 04:05:57.466+0000: Neo4j component versions:
2013-05-22 04:05:57.467+0000:   Neo4j - Graph Database Kernel 1.8.2
2013-05-22 04:05:57.467+0000: --- STARTUP diagnostics for KernelDiagnostics:Versions END ---
2013-05-22 04:05:57.470+0000: --- STARTUP diagnostics for NEO_STORE_VERSIONS START ---
2013-05-22 04:05:57.470+0000: Store versions:
    Store versions:
      NeoStore v0.A.0
      NodeStore v0.A.0
      RelationshipStore v0.A.0
      RelationshipTypeStore v0.A.0
      PropertyStore v0.A.0
      PropertyIndexStore v0.A.0
      StringPropertyStore v0.A.0
      ArrayPropertyStore v0.A.0
2013-05-22 04:05:57.471+0000: --- STARTUP diagnostics for NEO_STORE_VERSIONS END ---
2013-05-22 04:05:57.471+0000: --- STARTUP diagnostics for NEO_STORE_ID_USAGE START ---
2013-05-22 04:05:57.471+0000: Id usage:
    Id usage:
      NodeStore: used=1 high=0
      RelationshipStore: used=0 high=-1
      RelationshipTypeStore: used=0 high=-1
      PropertyStore: used=0 high=-1
      PropertyIndexStore: used=0 high=-1
      StringPropertyStore: used=1 high=0
      ArrayPropertyStore: used=1 high=0
2013-05-22 04:05:57.471+0000: --- STARTUP diagnostics for NEO_STORE_ID_USAGE END ---
2013-05-22 04:05:57.471+0000: --- STARTUP diagnostics for PERSISTENCE_WINDOW_POOL_STATS START ---
2013-05-22 04:05:57.471+0000: --- STARTUP diagnostics for PERSISTENCE_WINDOW_POOL_STATS END ---
2013-05-22 04:05:57.472+0000: --- STARTUP diagnostics for KernelDiagnostics:StoreFiles START ---
2013-05-22 04:05:57.472+0000: Disk space on partition (Total / Free / Free %): 499248103424 / 102367981568 / 79
Storage files: (filename : modification date - size)
      active_tx_log: 2013-05-21T21:05:57-0700 - 11.00 B
      index:
        lucene-store.db: 2013-05-21T21:05:57-0700 - 40.00 B
        lucene.log.1: 2013-05-21T21:05:57-0700 - 16.00 B
        lucene.log.active: 2013-05-21T21:05:57-0700 - 4.00 B
      - Total: 2013-05-21T21:05:57-0700 - 60.00 B
      lock: 2013-05-21T21:05:57-0700 - 0.00 B
      messages.log: 2013-05-21T21:05:57-0700 - 21.94 kB
      neostore: 2013-05-21T21:05:57-0700 - 54.00 B
      neostore.id: 2013-05-21T21:05:57-0700 - 9.00 B
      neostore.nodestore.db: 2013-05-21T21:05:57-0700 - 9.00 B
      neostore.nodestore.db.id: 2013-05-21T21:05:57-0700 - 9.00 B
      neostore.propertystore.db: 2013-05-21T21:05:57-0700 - 0.00 B
      neostore.propertystore.db.arrays: 2013-05-21T21:05:57-0700 - 128.00 B
      neostore.propertystore.db.arrays.id: 2013-05-21T21:05:57-0700 - 9.00 B
      neostore.propertystore.db.id: 2013-05-21T21:05:57-0700 - 9.00 B
      neostore.propertystore.db.index: 2013-05-21T21:05:57-0700 - 0.00 B
      neostore.propertystore.db.index.id: 2013-05-21T21:05:57-0700 - 9.00 B
      neostore.propertystore.db.index.keys: 2013-05-21T21:05:57-0700 - 38.00 B
      neostore.propertystore.db.index.keys.id: 2013-05-21T21:05:57-0700 - 9.00 B
      neostore.propertystore.db.strings: 2013-05-21T21:05:57-0700 - 128.00 B
      neostore.propertystore.db.strings.id: 2013-05-21T21:05:57-0700 - 9.00 B
      neostore.relationshipstore.db: 2013-05-21T21:05:57-0700 - 0.00 B
      neostore.relationshipstore.db.id: 2013-05-21T21:05:57-0700 - 9.00 B
      neostore.relationshiptypestore.db: 2013-05-21T21:05:57-0700 - 0.00 B
      neostore.relationshiptypestore.db.id: 2013-05-21T21:05:57-0700 - 9.00 B
      neostore.relationshiptypestore.db.names: 2013-05-21T21:05:57-0700 - 38.00 B
      neostore.relationshiptypestore.db.names.id: 2013-05-21T21:05:57-0700 - 9.00 B
      nioneo_logical.log.1: 2013-05-21T21:05:57-0700 - 16.00 B
      nioneo_logical.log.active: 2013-05-21T21:05:57-0700 - 4.00 B
      store_lock: 2013-05-21T21:05:57-0700 - 0.00 B
      tm_tx_log.1: 2013-05-21T21:05:57-0700 - 0.00 B
2013-05-22 04:05:57.478+0000: --- STARTUP diagnostics for KernelDiagnostics:StoreFiles END ---
2013-05-22 04:05:57.479+0000: Started - database is now available
2013-05-22 04:05:57.480+0000: GC Monitor started. 
2013-05-22 04:10:40.808+0000: Stopping - database is now unavailable
2013-05-22 04:10:40.809+0000: TM shutting down
2013-05-22 04:10:40.827+0000: Closed log /Users/alex/Google Drive/projects/web/neo4j_farting_about/db/neo4j-development/index/lucene.log
2013-05-22 04:10:40.829+0000: Closed log /Users/alex/Google Drive/projects/web/neo4j_farting_about/db/neo4j-development/nioneo_logical.log
2013-05-22 04:10:40.829+0000: /Users/alex/Google Drive/projects/web/neo4j_farting_about/db/neo4j-development/neostore.relationshiptypestore.db.names hit=0 miss=0 switches=0 ooe=0
2013-05-22 04:10:40.830+0000: /Users/alex/Google Drive/projects/web/neo4j_farting_about/db/neo4j-development/neostore.relationshiptypestore.db hit=0 miss=0 switches=0 ooe=0
2013-05-22 04:10:40.831+0000: /Users/alex/Google Drive/projects/web/neo4j_farting_about/db/neo4j-development/neostore.propertystore.db.strings hit=0 miss=0 switches=0 ooe=0
2013-05-22 04:10:40.833+0000: /Users/alex/Google Drive/projects/web/neo4j_farting_about/db/neo4j-development/neostore.propertystore.db.index.keys hit=0 miss=0 switches=0 ooe=0
2013-05-22 04:10:40.834+0000: /Users/alex/Google Drive/projects/web/neo4j_farting_about/db/neo4j-development/neostore.propertystore.db.index hit=0 miss=0 switches=0 ooe=0
2013-05-22 04:10:40.835+0000: /Users/alex/Google Drive/projects/web/neo4j_farting_about/db/neo4j-development/neostore.propertystore.db.arrays hit=0 miss=0 switches=0 ooe=0
2013-05-22 04:10:40.836+0000: /Users/alex/Google Drive/projects/web/neo4j_farting_about/db/neo4j-development/neostore.propertystore.db hit=0 miss=0 switches=0 ooe=0
2013-05-22 04:10:40.839+0000: /Users/alex/Google Drive/projects/web/neo4j_farting_about/db/neo4j-development/neostore.relationshipstore.db hit=0 miss=0 switches=0 ooe=0
2013-05-22 04:10:40.841+0000: /Users/alex/Google Drive/projects/web/neo4j_farting_about/db/neo4j-development/neostore.nodestore.db hit=1 miss=0 switches=0 ooe=0
2013-05-22 04:10:40.865+0000: /Users/alex/Google Drive/projects/web/neo4j_farting_about/db/neo4j-development/neostore hit=0 miss=16 switches=0 ooe=0
2013-05-22 04:10:40.866+0000: NeoStore closed
2013-05-22 04:10:40.866+0000: --- SHUTDOWN diagnostics START ---
2013-05-22 04:10:40.867+0000: --- SHUTDOWN diagnostics END ---
2013-05-22 04:13:40.629+0000: [/Users/alex/Google Drive/projects/web/neo4j_farting_about/db/neo4j-development/neostore.relationshiptypestore.db.names] brickCount=0 brickSize=0b mappedMem=0b (storeSize=38b)
2013-05-22 04:13:40.633+0000: [/Users/alex/Google Drive/projects/web/neo4j_farting_about/db/neo4j-development/neostore.relationshiptypestore.db] brickCount=0 brickSize=0b mappedMem=0b (storeSize=0b)
2013-05-22 04:13:40.634+0000: [/Users/alex/Google Drive/projects/web/neo4j_farting_about/db/neo4j-development/neostore.propertystore.db.strings] brickCount=0 brickSize=333440b mappedMem=333447168b (storeSize=128b)
2013-05-22 04:13:40.634+0000: [/Users/alex/Google Drive/projects/web/neo4j_farting_about/db/neo4j-development/neostore.propertystore.db.index.keys] brickCount=0 brickSize=1026b mappedMem=1048576b (storeSize=38b)
2013-05-22 04:13:40.635+0000: [/Users/alex/Google Drive/projects/web/neo4j_farting_about/db/neo4j-development/neostore.propertystore.db.index] brickCount=0 brickSize=10485b mappedMem=1048576b (storeSize=0b)
2013-05-22 04:13:40.636+0000: [/Users/alex/Google Drive/projects/web/neo4j_farting_about/db/neo4j-development/neostore.propertystore.db.arrays] brickCount=0 brickSize=378496b mappedMem=378535936b (storeSize=128b)
2013-05-22 04:13:40.639+0000: [/Users/alex/Google Drive/projects/web/neo4j_farting_about/db/neo4j-development/neostore.propertystore.db] brickCount=0 brickSize=3932146b mappedMem=393216000b (storeSize=0b)
2013-05-22 04:13:40.641+0000: [/Users/alex/Google Drive/projects/web/neo4j_farting_about/db/neo4j-development/neostore.relationshipstore.db] brickCount=0 brickSize=4812951b mappedMem=481296384b (storeSize=0b)
2013-05-22 04:13:40.642+0000: [/Users/alex/Google Drive/projects/web/neo4j_farting_about/db/neo4j-development/neostore.nodestore.db] brickCount=0 brickSize=109044b mappedMem=109051904b (storeSize=9b)
2013-05-22 04:13:40.643+0000: [/Users/alex/Google Drive/projects/web/neo4j_farting_about/db/neo4j-development/neostore] brickCount=0 brickSize=0b mappedMem=0b (storeSize=54b)
2013-05-22 04:13:40.667+0000: Opened logical log [/Users/alex/Google Drive/projects/web/neo4j_farting_about/db/neo4j-development/nioneo_logical.log.1] version=1, lastTxId=1 (clean)
2013-05-22 04:13:40.702+0000: TM opening log: /Users/alex/Google Drive/projects/web/neo4j_farting_about/db/neo4j-development/tm_tx_log.1
2013-05-22 04:13:40.727+0000: Opened logical log [/Users/alex/Google Drive/projects/web/neo4j_farting_about/db/neo4j-development/index/lucene.log.1] version=1, lastTxId=1 (clean)
2013-05-22 04:13:40.731+0000: --- STARTUP diagnostics START ---
2013-05-22 04:13:40.733+0000: Neo4j Kernel properties:
    forced_kernel_id=
    read_only=false
    neo4j.ext.udc.host=udc.neo4j.org
    logical_log=nioneo_logical.log
    node_auto_indexing=false
    intercept_committing_transactions=false
    remote_shell_name=shell
    cache_type=soft
    intercept_deserialized_transactions=false
    lucene_searcher_cache_size=2147483647
    neo4j.ext.udc.interval=86400000
    use_memory_mapped_buffers=true
    timestamps=true
    rebuild_idgenerators_fast=true
    neostore.propertystore.db.index.keys.mapped_memory=1M
    neostore.propertystore.db.arrays.mapped_memory=361M
    neostore.propertystore.db.strings.mapped_memory=318M
    log_mapped_memory_stats_filename=mapped_memory_stats.log
    log_mapped_memory_stats_interval=1000000
    gcr_cache_min_log_interval=60s
    relationship_grab_size=100
    relationship_auto_indexing=false
    remote_shell_read_only=false
    storage_path=/Users/alex/Google Drive/projects/web/neo4j_farting_about/db/neo4j-development
    node_cache_array_fraction=1.0
    allow_store_upgrade=false
    execution_guard_enabled=false
    relationship_cache_array_fraction=1.0
    migration_thread=false
    store_dir=/Users/alex/Google Drive/projects/web/neo4j_farting_about/db/neo4j-development
    remote_logging_host=127.0.0.1
    online_backup_enabled=false
    remote_logging_port=4560
    gc_monitor_threshold=200ms
    enable_rules=true
    array_block_size=120
    load_kernel_extensions=true
    neostore.relationshipstore.db.mapped_memory=459M
    keep_logical_logs=true
    dump_configuration=false
    gc_monitor_wait_time=100ms
    neostore.nodestore.db.mapped_memory=104M
    neo4j.ext.udc.first_delay=600000
    remote_shell_enabled=false
    neo4j.ext.udc.reg=unreg
    remote_shell_port=1337
    identity_map=true
    log_mapped_memory_stats=false
    mapped_memory_page_size=1M
    neo_store=neostore
    query_cache_size=100
    logging.threshold_for_rotation=104857600
    neostore.propertystore.db.index.mapped_memory=1M
    backup_slave=false
    neostore.propertystore.db.mapped_memory=375M
    string_block_size=120
    grab_file_lock=true
    remote_logging_enabled=false
    neo4j.ext.udc.enabled=true
    all_stores_total_mapped_memory_size=500M
    online_backup_port=6362
2013-05-22 04:13:40.737+0000: Diagnostics providers:
    org.neo4j.kernel.configuration.Config
    org.neo4j.kernel.info.DiagnosticsManager
    SYSTEM_MEMORY
    JAVA_MEMORY
    OPERATING_SYSTEM
    JAVA_VIRTUAL_MACHINE
    CLASSPATH
    LIBRARY_PATH
    SYSTEM_PROPERTIES
    NETWORK
2013-05-22 04:13:40.737+0000: System memory information:
    Total Physical memory: 4.00 GB
    Free Physical memory: 316.52 MB
    Committed virtual memory: 3.30 GB
    Total swap space: 5.00 GB
    Free swap space: 877.03 MB
2013-05-22 04:13:40.746+0000: JVM memory information:
    Free  memory: 20.13 MB
    Total memory: 81.06 MB
    Max   memory: 493.75 MB
    Garbage Collector: ParNew: [Par Eden Space, Par Survivor Space]
    Garbage Collector: ConcurrentMarkSweep: [Par Eden Space, Par Survivor Space, CMS Old Gen, CMS Perm Gen]
    Memory Pool: Code Cache (Non-heap memory): committed=4.57 MB, used=4.38 MB, max=48.00 MB, threshold=0.00 B
    Memory Pool: Par Eden Space (Heap memory): committed=16.63 MB, used=7.57 MB, max=50.00 MB, threshold=?
    Memory Pool: Par Survivor Space (Heap memory): committed=2.06 MB, used=1.28 MB, max=6.25 MB, threshold=?
    Memory Pool: CMS Old Gen (Heap memory): committed=62.38 MB, used=52.08 MB, max=437.50 MB, threshold=0.00 B
    Memory Pool: CMS Perm Gen (Non-heap memory): committed=65.20 MB, used=52.09 MB, max=82.00 MB, threshold=0.00 B
2013-05-22 04:13:40.749+0000: Operating system information:
    Operating System: Mac OS X; version: 10.7.5; arch: x86_64; cpus: 4
    Max number of file descriptors: 10240
    Number of open file descriptors: 98
    Process id: 21169@lappy.local
    Byte order: LITTLE_ENDIAN
    Local timezone: America/Los_Angeles
2013-05-22 04:13:40.754+0000: JVM information:
    VM Name: Java HotSpot(TM) 64-Bit Server VM
    VM Vendor: Apple Inc.
    VM Version: 20.14-b01-447
    JIT compiler: HotSpot 64-Bit Tiered Compilers
    VM Arguments: [-Djdk.home=, -Djruby.home=/usr/local/rvm/rubies/jruby-1.7.4, -Djruby.script=jruby, -Djruby.shell=/bin/sh, -Djffi.boot.library.path=/usr/local/rvm/rubies/jruby-1.7.4/lib/native:/usr/local/rvm/rubies/jruby-1.7.4/lib/native/Darwin, -Xmx500m, -Xss2048k, -Xbootclasspath/a:/usr/local/rvm/rubies/jruby-1.7.4/lib/jruby.jar, -Dfile.encoding=UTF-8]
2013-05-22 04:13:40.754+0000: Java classpath:
     [bootstrap] /System/Library/Java/JavaVirtualMachines/1.6.0.jdk/Contents/Classes/charsets.jar
     [bootstrap] /usr/local/rvm/rubies/jruby-1.7.4/lib/jruby.jar
     [loader.0] file:/usr/local/rvm/gems/jruby-1.7.4@neo4j_farting_about/gems/neo4j-community-1.8.2-java/lib/neo4j-community/jars/server-api-1.8.2.jar
     [bootstrap] /System/Library/Frameworks/JavaVM.framework/Versions/A/Frameworks/JavaRuntimeSupport.framework/Versions/A/Resources/Java/JavaRuntimeSupport.jar
     [loader.2] file:/System/Library/Java/Extensions/dns_sd.jar
     [loader.2] file:/System/Library/Java/Extensions/MRJToolkit.jar
     [loader.0] file:/usr/local/rvm/gems/jruby-1.7.4@neo4j_farting_about/gems/neo4j-community-1.8.2-java/lib/neo4j-community/jars/neo4j-kernel-1.8.2.jar
     [loader.2] file:/System/Library/Java/Extensions/vecmath.jar
     [loader.0] file:/usr/local/rvm/gems/jruby-1.7.4@neo4j_farting_about/gems/neo4j-core-2.2.4-java/lib/neo4j-core/jars/neo4jrb-adaptor.jar
     [loader.2] file:/System/Library/Java/Extensions/libmlib_jai.jnilib
     [loader.0] file:/usr/local/rvm/gems/jruby-1.7.4@neo4j_farting_about/gems/trinidad_jars-1.2.3/trinidad-libs/tomcat-core.jar
     [loader.0] file:/usr/local/rvm/gems/jruby-1.7.4@neo4j_farting_about/gems/neo4j-community-1.8.2-java/lib/neo4j-community/jars/org.apache.servicemix.bundles.jline-0.9.94_1.jar
     [loader.2] file:/System/Library/Java/JavaVirtualMachines/1.6.0.jdk/Contents/Home/lib/ext/dnsns.jar
     [loader.0] file:/usr/local/rvm/gems/jruby-1.7.4@neo4j_farting_about/gems/neo4j-community-1.8.2-java/lib/neo4j-community/jars/concurrentlinkedhashmap-lru-1.3.1.jar
     [bootstrap] /System/Library/Java/JavaVirtualMachines/1.6.0.jdk/Contents/Classes/laf.jar
     [loader.0] file:/usr/local/rvm/gems/jruby-1.7.4@neo4j_farting_about/gems/neo4j-community-1.8.2-java/lib/neo4j-community/jars/neo4j-shell-1.8.2.jar
     [loader.2] file:/System/Library/Java/Extensions/libJ3D.jnilib
     [loader.2] file:/System/Library/Java/Extensions/mlibwrapper_jai.jar
     [bootstrap] /System/Library/Java/JavaVirtualMachines/1.6.0.jdk/Contents/Classes/classes.jar
     [loader.2] file:/System/Library/Java/JavaVirtualMachines/1.6.0.jdk/Contents/Home/lib/ext/localedata.jar
     [loader.0] file:/usr/local/rvm/gems/jruby-1.7.4@neo4j_farting_about/gems/json-1.8.0-java/lib/json/ext/parser.jar
     [loader.2] file:/System/Library/Java/Extensions/QTJava.zip
     [loader.0] file:/usr/local/rvm/gems/jruby-1.7.4@neo4j_farting_about/gems/neo4j-community-1.8.2-java/lib/neo4j-community/jars/neo4j-udc-1.8.2.jar
     [loader.0] file:/usr/local/rvm/gems/jruby-1.7.4@neo4j_farting_about/gems/neo4j-community-1.8.2-java/lib/neo4j-community/jars/neo4j-cypher-1.8.2.jar
     [bootstrap] /System/Library/Java/JavaVirtualMachines/1.6.0.jdk/Contents/Classes/ui.jar
     [loader.2] file:/System/Library/Java/Extensions/libAppleScriptEngine.jnilib
     [loader.2] file:/System/Library/Java/Extensions/libJ3DAudio.jnilib
     [loader.2] file:/System/Library/Java/Extensions/j3daudio.jar
     [loader.2] file:/System/Library/Java/Extensions/libJ3DUtils.jnilib
     [loader.0] file:/usr/local/rvm/gems/jruby-1.7.4@global/gems/jruby-openssl-0.8.8/lib/shared/jopenssl.jar
     [loader.2] file:/System/Library/Java/Extensions/libQTJNative.jnilib
     [loader.2] file:/System/Library/Java/Extensions/j3dcore.jar
     [loader.0] file:/usr/local/rvm/gems/jruby-1.7.4@neo4j_farting_about/gems/trinidad_jars-1.2.3/trinidad-libs/trinidad-rb.jar
     [loader.0] file:/usr/local/rvm/gems/jruby-1.7.4@neo4j_farting_about/gems/neo4j-community-1.8.2-java/lib/neo4j-community/jars/neo4j-lucene-index-1.8.2.jar
     [bootstrap] /System/Library/Java/JavaVirtualMachines/1.6.0.jdk/Contents/Classes/sunrsasign.jar
     [loader.0] file:/usr/local/rvm/gems/jruby-1.7.4@global/gems/bouncy-castle-java-1.5.0147/lib/bcprov-jdk15on-147.jar
     [loader.2] file:/System/Library/Java/Extensions/j3dutils.jar
     [loader.2] file:/System/Library/Java/Extensions/jai_core.jar
     [loader.2] file:/System/Library/Java/Extensions/jai_codec.jar
     [classpath] /Users/alex/Google Drive/projects/web/neo4j_farting_about
     [loader.0] file:/usr/local/rvm/gems/jruby-1.7.4@neo4j_farting_about/gems/json-1.8.0-java/lib/json/ext/generator.jar
     [loader.2] file:/System/Library/Java/JavaVirtualMachines/1.6.0.jdk/Contents/Home/lib/ext/sunjce_provider.jar
     [loader.0] file:/usr/local/rvm/gems/jruby-1.7.4@global/gems/bouncy-castle-java-1.5.0147/lib/bcpkix-jdk15on-147.jar
     [loader.0] file:/usr/local/rvm/gems/jruby-1.7.4@neo4j_farting_about/gems/jruby-rack-1.1.13.2/lib/jruby-rack-1.1.13.2.jar
     [loader.0] file:/usr/local/rvm/gems/jruby-1.7.4@neo4j_farting_about/gems/neo4j-community-1.8.2-java/lib/neo4j-community/jars/scala-library-2.9.1-1.jar
     [loader.0] file:/usr/local/rvm/gems/jruby-1.7.4@neo4j_farting_about/gems/neo4j-community-1.8.2-java/lib/neo4j-community/jars/neo4j-jmx-1.8.2.jar
     [loader.0] file:/usr/local/rvm/gems/jruby-1.7.4@neo4j_farting_about/gems/therubyrhino_jar-1.7.4/jar/rhino-1.7R4.jar
     [bootstrap] /System/Library/Java/JavaVirtualMachines/1.6.0.jdk/Contents/Home/lib/jce.jar
     [bootstrap] /System/Library/Java/JavaVirtualMachines/1.6.0.jdk/Contents/Classes/jsse.jar
     [loader.0] file:/usr/local/rvm/gems/jruby-1.7.4@neo4j_farting_about/gems/neo4j-community-1.8.2-java/lib/neo4j-community/jars/lucene-core-3.5.0.jar
     [loader.2] file:/System/Library/Java/Extensions/AppleScriptEngine.jar
     [loader.2] file:/System/Library/Java/JavaVirtualMachines/1.6.0.jdk/Contents/Home/lib/ext/apple_provider.jar
     [bootstrap] /System/Library/Java/JavaVirtualMachines/1.6.0.jdk/Contents/Classes/jsfd.jar
     [loader.0] file:/usr/local/rvm/gems/jruby-1.7.4@neo4j_farting_about/gems/neo4j-community-1.8.2-java/lib/neo4j-community/jars/neo4j-graph-algo-1.8.2.jar
     [loader.1] file:/Users/alex/Google%20Drive/projects/web/neo4j_farting_about/
     [loader.0] file:/usr/local/rvm/gems/jruby-1.7.4@neo4j_farting_about/gems/neo4j-community-1.8.2-java/lib/neo4j-community/jars/neo4j-graph-matching-1.8.2.jar
     [loader.2] file:/System/Library/Java/JavaVirtualMachines/1.6.0.jdk/Contents/Home/lib/ext/sunpkcs11.jar
     [loader.0] file:/usr/local/rvm/gems/jruby-1.7.4@neo4j_farting_about/gems/neo4j-community-1.8.2-java/lib/neo4j-community/jars/geronimo-jta_1.1_spec-1.1.1.jar
2013-05-22 04:13:40.757+0000: Library path:
    /usr/local/mysql-5.5.16-osx10.6-x86_64/lib
    /Users/alex/Google Drive/projects/web/neo4j_farting_about
    /Library/Java/Extensions
    /System/Library/Java/Extensions
    /usr/lib/java
2013-05-22 04:13:40.758+0000: System.properties:
    jruby.home = /usr/local/rvm/rubies/jruby-1.7.4
    sun.boot.library.path = /System/Library/Java/JavaVirtualMachines/1.6.0.jdk/Contents/Libraries
    awt.nativeDoubleBuffering = true
    gopherProxySet = false
    mrj.build = 11M4203
    path.separator = :
    org.apache.catalina.startup.EXIT_ON_INIT_FAILURE = true
    file.encoding.pkg = sun.io
    sun.java.launcher = SUN_STANDARD
    user.country = US
    sun.os.patch.level = unknown
    user.dir = /Users/alex/Google Drive/projects/web/neo4j_farting_about
    neo4j.ext.udc.source = neo4rb
    jdk.home = 
    sun.jnu.encoding = MacRoman
    sun.management.compiler = HotSpot 64-Bit Tiered Compilers
    http.nonProxyHosts = local|*.local|169.254/16|*.169.254/16
    jffi.boot.library.path = /usr/local/rvm/rubies/jruby-1.7.4/lib/native:/usr/local/rvm/rubies/jruby-1.7.4/lib/native/Darwin
    user.home = /Users/alex
    catalina.useNaming = true
    user.timezone = America/Los_Angeles
    file.encoding = UTF-8
    catalina.home = /Users/alex/Google Drive/projects/web/neo4j_farting_about
    jruby.script = jruby
    user.name = alex
    jruby.shell = /bin/sh
    sun.java.command = org/jruby/Main script/rails s trinidad
    sun.arch.data.model = 64
    user.language = en
    awt.toolkit = apple.awt.CToolkit
    catalina.base = /Users/alex/Google Drive/projects/web/neo4j_farting_about
    file.separator = /
    sun.io.unicode.encoding = UnicodeLittle
    sun.cpu.endian = little
    mrj.version = 1070.1.6.0_43-447
    socksNonProxyHosts = local|*.local|169.254/16|*.169.254/16
    ftp.nonProxyHosts = local|*.local|169.254/16|*.169.254/16
    sun.cpu.isalist = 
2013-05-22 04:13:40.758+0000: Network information:
    Interface en1:
        address: fe80:0:0:0:6233:4bff:fe10:5680%5
        address: 192.168.1.115
    Interface lo0:
        address: 0:0:0:0:0:0:0:1
        address: fe80:0:0:0:0:0:0:1%1
        address: 127.0.0.1
2013-05-22 04:13:40.761+0000: --- STARTUP diagnostics END ---
2013-05-22 04:13:40.766+0000: Recovery completed, all transactions have been resolved to a consistent state.
2013-05-22 04:13:40.804+0000: Extension org.neo4j.kernel.KernelExtension[kernel jmx] loaded ok
2013-05-22 04:13:40.809+0000: Extension org.neo4j.kernel.KernelExtension[kernel udc] loaded ok
2013-05-22 04:13:40.810+0000: Extension org.neo4j.kernel.KernelExtension[shell] loaded ok
2013-05-22 04:13:40.815+0000: --- STARTUP diagnostics for KernelDiagnostics:Versions START ---
2013-05-22 04:13:40.815+0000: Graph Database: org.neo4j.kernel.EmbeddedGraphDatabase StoreId[time:1369195557154, id:-6185445951002538619, store version: 13561656364791302]
2013-05-22 04:13:40.815+0000: Kernel version: Neo4j - Graph Database Kernel 1.8.2
2013-05-22 04:13:40.815+0000: Neo4j component versions:
2013-05-22 04:13:40.816+0000:   Neo4j - Graph Database Kernel 1.8.2
2013-05-22 04:13:40.816+0000: --- STARTUP diagnostics for KernelDiagnostics:Versions END ---
2013-05-22 04:13:40.819+0000: --- STARTUP diagnostics for NEO_STORE_VERSIONS START ---
2013-05-22 04:13:40.820+0000: Store versions:
    Store versions:
      NeoStore v0.A.0
      NodeStore v0.A.0
      RelationshipStore v0.A.0
      RelationshipTypeStore v0.A.0
      PropertyStore v0.A.0
      PropertyIndexStore v0.A.0
      StringPropertyStore v0.A.0
      ArrayPropertyStore v0.A.0
2013-05-22 04:13:40.820+0000: --- STARTUP diagnostics for NEO_STORE_VERSIONS END ---
2013-05-22 04:13:40.820+0000: --- STARTUP diagnostics for NEO_STORE_ID_USAGE START ---
2013-05-22 04:13:40.820+0000: Id usage:
    Id usage:
      NodeStore: used=1 high=0
      RelationshipStore: used=0 high=-1
      RelationshipTypeStore: used=0 high=-1
      PropertyStore: used=0 high=-1
      PropertyIndexStore: used=0 high=-1
      StringPropertyStore: used=1 high=0
      ArrayPropertyStore: used=1 high=0
2013-05-22 04:13:40.821+0000: --- STARTUP diagnostics for NEO_STORE_ID_USAGE END ---
2013-05-22 04:13:40.821+0000: --- STARTUP diagnostics for PERSISTENCE_WINDOW_POOL_STATS START ---
2013-05-22 04:13:40.821+0000: --- STARTUP diagnostics for PERSISTENCE_WINDOW_POOL_STATS END ---
2013-05-22 04:13:40.821+0000: --- STARTUP diagnostics for KernelDiagnostics:StoreFiles START ---
2013-05-22 04:13:40.822+0000: Disk space on partition (Total / Free / Free %): 499248103424 / 102367903744 / 79
Storage files: (filename : modification date - size)
      active_tx_log: 2013-05-21T21:05:57-0700 - 11.00 B
      index:
        lucene-store.db: 2013-05-21T21:10:40-0700 - 40.00 B
        lucene.log.1: 2013-05-21T21:13:40-0700 - 16.00 B
        lucene.log.active: 2013-05-21T21:13:40-0700 - 4.00 B
        lucene.log.v0: 2013-05-21T21:10:40-0700 - 16.00 B
      - Total: 2013-05-21T21:13:40-0700 - 76.00 B
      lock: 2013-05-21T21:13:40-0700 - 0.00 B
      messages.log: 2013-05-21T21:13:40-0700 - 44.07 kB
      neostore: 2013-05-21T21:13:40-0700 - 54.00 B
      neostore.id: 2013-05-21T21:13:40-0700 - 9.00 B
      neostore.nodestore.db: 2013-05-21T21:13:40-0700 - 9.00 B
      neostore.nodestore.db.id: 2013-05-21T21:13:40-0700 - 9.00 B
      neostore.propertystore.db: 2013-05-21T21:13:40-0700 - 0.00 B
      neostore.propertystore.db.arrays: 2013-05-21T21:13:40-0700 - 128.00 B
      neostore.propertystore.db.arrays.id: 2013-05-21T21:13:40-0700 - 9.00 B
      neostore.propertystore.db.id: 2013-05-21T21:13:40-0700 - 9.00 B
      neostore.propertystore.db.index: 2013-05-21T21:13:40-0700 - 0.00 B
      neostore.propertystore.db.index.id: 2013-05-21T21:13:40-0700 - 9.00 B
      neostore.propertystore.db.index.keys: 2013-05-21T21:13:40-0700 - 38.00 B
      neostore.propertystore.db.index.keys.id: 2013-05-21T21:13:40-0700 - 9.00 B
      neostore.propertystore.db.strings: 2013-05-21T21:13:40-0700 - 128.00 B
      neostore.propertystore.db.strings.id: 2013-05-21T21:13:40-0700 - 9.00 B
      neostore.relationshipstore.db: 2013-05-21T21:13:40-0700 - 0.00 B
      neostore.relationshipstore.db.id: 2013-05-21T21:13:40-0700 - 9.00 B
      neostore.relationshiptypestore.db: 2013-05-21T21:13:40-0700 - 0.00 B
      neostore.relationshiptypestore.db.id: 2013-05-21T21:13:40-0700 - 9.00 B
      neostore.relationshiptypestore.db.names: 2013-05-21T21:13:40-0700 - 38.00 B
      neostore.relationshiptypestore.db.names.id: 2013-05-21T21:13:40-0700 - 9.00 B
      nioneo_logical.log.1: 2013-05-21T21:13:40-0700 - 16.00 B
      nioneo_logical.log.active: 2013-05-21T21:13:40-0700 - 4.00 B
      nioneo_logical.log.v0: 2013-05-21T21:10:40-0700 - 16.00 B
      store_lock: 2013-05-21T21:05:57-0700 - 0.00 B
      tm_tx_log.1: 2013-05-21T21:13:40-0700 - 0.00 B
2013-05-22 04:13:40.829+0000: --- STARTUP diagnostics for KernelDiagnostics:StoreFiles END ---
2013-05-22 04:13:40.831+0000: Started - database is now available
2013-05-22 04:13:40.833+0000: GC Monitor started. 
2013-05-22 04:18:22.227+0000: Stopping - database is now unavailable
2013-05-22 04:18:22.228+0000: TM shutting down
2013-05-22 04:18:22.229+0000: Closed log /Users/alex/Google Drive/projects/web/neo4j_farting_about/db/neo4j-development/index/lucene.log
2013-05-22 04:18:22.232+0000: Closed log /Users/alex/Google Drive/projects/web/neo4j_farting_about/db/neo4j-development/nioneo_logical.log
2013-05-22 04:18:22.232+0000: /Users/alex/Google Drive/projects/web/neo4j_farting_about/db/neo4j-development/neostore.relationshiptypestore.db.names hit=0 miss=0 switches=0 ooe=0
2013-05-22 04:18:22.233+0000: /Users/alex/Google Drive/projects/web/neo4j_farting_about/db/neo4j-development/neostore.relationshiptypestore.db hit=0 miss=0 switches=0 ooe=0
2013-05-22 04:18:22.234+0000: /Users/alex/Google Drive/projects/web/neo4j_farting_about/db/neo4j-development/neostore.propertystore.db.strings hit=0 miss=0 switches=0 ooe=0
2013-05-22 04:18:22.237+0000: /Users/alex/Google Drive/projects/web/neo4j_farting_about/db/neo4j-development/neostore.propertystore.db.index.keys hit=0 miss=0 switches=0 ooe=0
2013-05-22 04:18:22.238+0000: /Users/alex/Google Drive/projects/web/neo4j_farting_about/db/neo4j-development/neostore.propertystore.db.index hit=0 miss=0 switches=0 ooe=0
2013-05-22 04:18:22.240+0000: /Users/alex/Google Drive/projects/web/neo4j_farting_about/db/neo4j-development/neostore.propertystore.db.arrays hit=0 miss=0 switches=0 ooe=0
2013-05-22 04:18:22.241+0000: /Users/alex/Google Drive/projects/web/neo4j_farting_about/db/neo4j-development/neostore.propertystore.db hit=0 miss=0 switches=0 ooe=0
2013-05-22 04:18:22.242+0000: /Users/alex/Google Drive/projects/web/neo4j_farting_about/db/neo4j-development/neostore.relationshipstore.db hit=0 miss=0 switches=0 ooe=0
2013-05-22 04:18:22.244+0000: /Users/alex/Google Drive/projects/web/neo4j_farting_about/db/neo4j-development/neostore.nodestore.db hit=1 miss=0 switches=0 ooe=0
2013-05-22 04:18:22.245+0000: /Users/alex/Google Drive/projects/web/neo4j_farting_about/db/neo4j-development/neostore hit=0 miss=16 switches=0 ooe=0
2013-05-22 04:18:22.247+0000: NeoStore closed
2013-05-22 04:18:22.247+0000: --- SHUTDOWN diagnostics START ---
2013-05-22 04:18:22.247+0000: --- SHUTDOWN diagnostics END ---
2013-05-22 04:19:17.224+0000: [/Users/alex/Google Drive/projects/web/neo4j_farting_about/db/neo4j-development/neostore.relationshiptypestore.db.names] brickCount=0 brickSize=0b mappedMem=0b (storeSize=38b)
2013-05-22 04:19:17.228+0000: [/Users/alex/Google Drive/projects/web/neo4j_farting_about/db/neo4j-development/neostore.relationshiptypestore.db] brickCount=0 brickSize=0b mappedMem=0b (storeSize=0b)
2013-05-22 04:19:17.228+0000: [/Users/alex/Google Drive/projects/web/neo4j_farting_about/db/neo4j-development/neostore.propertystore.db.strings] brickCount=0 brickSize=333440b mappedMem=333447168b (storeSize=128b)
2013-05-22 04:19:17.229+0000: [/Users/alex/Google Drive/projects/web/neo4j_farting_about/db/neo4j-development/neostore.propertystore.db.index.keys] brickCount=0 brickSize=1026b mappedMem=1048576b (storeSize=38b)
2013-05-22 04:19:17.230+0000: [/Users/alex/Google Drive/projects/web/neo4j_farting_about/db/neo4j-development/neostore.propertystore.db.index] brickCount=0 brickSize=10485b mappedMem=1048576b (storeSize=0b)
2013-05-22 04:19:17.231+0000: [/Users/alex/Google Drive/projects/web/neo4j_farting_about/db/neo4j-development/neostore.propertystore.db.arrays] brickCount=0 brickSize=378496b mappedMem=378535936b (storeSize=128b)
2013-05-22 04:19:17.233+0000: [/Users/alex/Google Drive/projects/web/neo4j_farting_about/db/neo4j-development/neostore.propertystore.db] brickCount=0 brickSize=3932146b mappedMem=393216000b (storeSize=0b)
2013-05-22 04:19:17.235+0000: [/Users/alex/Google Drive/projects/web/neo4j_farting_about/db/neo4j-development/neostore.relationshipstore.db] brickCount=0 brickSize=4812951b mappedMem=481296384b (storeSize=0b)
2013-05-22 04:19:17.237+0000: [/Users/alex/Google Drive/projects/web/neo4j_farting_about/db/neo4j-development/neostore.nodestore.db] brickCount=0 brickSize=109044b mappedMem=109051904b (storeSize=9b)
2013-05-22 04:19:17.237+0000: [/Users/alex/Google Drive/projects/web/neo4j_farting_about/db/neo4j-development/neostore] brickCount=0 brickSize=0b mappedMem=0b (storeSize=54b)
2013-05-22 04:19:17.262+0000: Opened logical log [/Users/alex/Google Drive/projects/web/neo4j_farting_about/db/neo4j-development/nioneo_logical.log.1] version=2, lastTxId=1 (clean)
2013-05-22 04:19:17.271+0000: TM opening log: /Users/alex/Google Drive/projects/web/neo4j_farting_about/db/neo4j-development/tm_tx_log.1
2013-05-22 04:19:17.301+0000: Opened logical log [/Users/alex/Google Drive/projects/web/neo4j_farting_about/db/neo4j-development/index/lucene.log.1] version=2, lastTxId=1 (clean)
2013-05-22 04:19:17.305+0000: --- STARTUP diagnostics START ---
2013-05-22 04:19:17.307+0000: Neo4j Kernel properties:
    forced_kernel_id=
    read_only=false
    neo4j.ext.udc.host=udc.neo4j.org
    logical_log=nioneo_logical.log
    node_auto_indexing=false
    intercept_committing_transactions=false
    remote_shell_name=shell
    cache_type=soft
    intercept_deserialized_transactions=false
    lucene_searcher_cache_size=2147483647
    neo4j.ext.udc.interval=86400000
    use_memory_mapped_buffers=true
    timestamps=true
    rebuild_idgenerators_fast=true
    neostore.propertystore.db.index.keys.mapped_memory=1M
    neostore.propertystore.db.arrays.mapped_memory=361M
    neostore.propertystore.db.strings.mapped_memory=318M
    log_mapped_memory_stats_filename=mapped_memory_stats.log
    log_mapped_memory_stats_interval=1000000
    gcr_cache_min_log_interval=60s
    relationship_grab_size=100
    relationship_auto_indexing=false
    remote_shell_read_only=false
    storage_path=/Users/alex/Google Drive/projects/web/neo4j_farting_about/db/neo4j-development
    node_cache_array_fraction=1.0
    allow_store_upgrade=false
    execution_guard_enabled=false
    relationship_cache_array_fraction=1.0
    migration_thread=false
    store_dir=/Users/alex/Google Drive/projects/web/neo4j_farting_about/db/neo4j-development
    remote_logging_host=127.0.0.1
    online_backup_enabled=false
    remote_logging_port=4560
    gc_monitor_threshold=200ms
    enable_rules=true
    array_block_size=120
    load_kernel_extensions=true
    neostore.relationshipstore.db.mapped_memory=459M
    keep_logical_logs=true
    dump_configuration=false
    gc_monitor_wait_time=100ms
    neostore.nodestore.db.mapped_memory=104M
    neo4j.ext.udc.first_delay=600000
    remote_shell_enabled=false
    neo4j.ext.udc.reg=unreg
    remote_shell_port=1337
    identity_map=true
    log_mapped_memory_stats=false
    mapped_memory_page_size=1M
    neo_store=neostore
    query_cache_size=100
    logging.threshold_for_rotation=104857600
    neostore.propertystore.db.index.mapped_memory=1M
    backup_slave=false
    neostore.propertystore.db.mapped_memory=375M
    string_block_size=120
    grab_file_lock=true
    remote_logging_enabled=false
    neo4j.ext.udc.enabled=true
    all_stores_total_mapped_memory_size=500M
    online_backup_port=6362
2013-05-22 04:19:17.311+0000: Diagnostics providers:
    org.neo4j.kernel.configuration.Config
    org.neo4j.kernel.info.DiagnosticsManager
    SYSTEM_MEMORY
    JAVA_MEMORY
    OPERATING_SYSTEM
    JAVA_VIRTUAL_MACHINE
    CLASSPATH
    LIBRARY_PATH
    SYSTEM_PROPERTIES
    NETWORK
2013-05-22 04:19:17.311+0000: System memory information:
    Total Physical memory: 4.00 GB
    Free Physical memory: 253.79 MB
    Committed virtual memory: 3.31 GB
    Total swap space: 5.00 GB
    Free swap space: 877.83 MB
2013-05-22 04:19:17.320+0000: JVM memory information:
    Free  memory: 23.89 MB
    Total memory: 81.06 MB
    Max   memory: 493.75 MB
    Garbage Collector: ParNew: [Par Eden Space, Par Survivor Space]
    Garbage Collector: ConcurrentMarkSweep: [Par Eden Space, Par Survivor Space, CMS Old Gen, CMS Perm Gen]
    Memory Pool: Code Cache (Non-heap memory): committed=4.50 MB, used=4.36 MB, max=48.00 MB, threshold=0.00 B
    Memory Pool: Par Eden Space (Heap memory): committed=16.63 MB, used=2.42 MB, max=50.00 MB, threshold=?
    Memory Pool: Par Survivor Space (Heap memory): committed=2.06 MB, used=1.51 MB, max=6.25 MB, threshold=?
    Memory Pool: CMS Old Gen (Heap memory): committed=62.38 MB, used=53.25 MB, max=437.50 MB, threshold=0.00 B
    Memory Pool: CMS Perm Gen (Non-heap memory): committed=65.21 MB, used=52.53 MB, max=82.00 MB, threshold=0.00 B
2013-05-22 04:19:17.323+0000: Operating system information:
    Operating System: Mac OS X; version: 10.7.5; arch: x86_64; cpus: 4
    Max number of file descriptors: 10240
    Number of open file descriptors: 98
    Process id: 23421@lappy.local
    Byte order: LITTLE_ENDIAN
    Local timezone: America/Los_Angeles
2013-05-22 04:19:17.326+0000: JVM information:
    VM Name: Java HotSpot(TM) 64-Bit Server VM
    VM Vendor: Apple Inc.
    VM Version: 20.14-b01-447
    JIT compiler: HotSpot 64-Bit Tiered Compilers
    VM Arguments: [-Djdk.home=, -Djruby.home=/usr/local/rvm/rubies/jruby-1.7.4, -Djruby.script=jruby, -Djruby.shell=/bin/sh, -Djffi.boot.library.path=/usr/local/rvm/rubies/jruby-1.7.4/lib/native:/usr/local/rvm/rubies/jruby-1.7.4/lib/native/Darwin, -Xmx500m, -Xss2048k, -Xbootclasspath/a:/usr/local/rvm/rubies/jruby-1.7.4/lib/jruby.jar, -Dfile.encoding=UTF-8]
2013-05-22 04:19:17.327+0000: Java classpath:
     [bootstrap] /System/Library/Java/JavaVirtualMachines/1.6.0.jdk/Contents/Classes/charsets.jar
     [bootstrap] /usr/local/rvm/rubies/jruby-1.7.4/lib/jruby.jar
     [loader.0] file:/usr/local/rvm/gems/jruby-1.7.4@neo4j_farting_about/gems/neo4j-community-1.8.2-java/lib/neo4j-community/jars/server-api-1.8.2.jar
     [bootstrap] /System/Library/Frameworks/JavaVM.framework/Versions/A/Frameworks/JavaRuntimeSupport.framework/Versions/A/Resources/Java/JavaRuntimeSupport.jar
     [loader.2] file:/System/Library/Java/Extensions/dns_sd.jar
     [loader.2] file:/System/Library/Java/Extensions/MRJToolkit.jar
     [loader.0] file:/usr/local/rvm/gems/jruby-1.7.4@neo4j_farting_about/gems/neo4j-community-1.8.2-java/lib/neo4j-community/jars/neo4j-kernel-1.8.2.jar
     [loader.2] file:/System/Library/Java/Extensions/vecmath.jar
     [loader.0] file:/usr/local/rvm/gems/jruby-1.7.4@neo4j_farting_about/gems/neo4j-core-2.2.4-java/lib/neo4j-core/jars/neo4jrb-adaptor.jar
     [loader.2] file:/System/Library/Java/Extensions/libmlib_jai.jnilib
     [loader.0] file:/usr/local/rvm/gems/jruby-1.7.4@neo4j_farting_about/gems/trinidad_jars-1.2.3/trinidad-libs/tomcat-core.jar
     [loader.0] file:/usr/local/rvm/gems/jruby-1.7.4@neo4j_farting_about/gems/neo4j-community-1.8.2-java/lib/neo4j-community/jars/org.apache.servicemix.bundles.jline-0.9.94_1.jar
     [loader.2] file:/System/Library/Java/JavaVirtualMachines/1.6.0.jdk/Contents/Home/lib/ext/dnsns.jar
     [loader.0] file:/usr/local/rvm/gems/jruby-1.7.4@neo4j_farting_about/gems/neo4j-community-1.8.2-java/lib/neo4j-community/jars/concurrentlinkedhashmap-lru-1.3.1.jar
     [bootstrap] /System/Library/Java/JavaVirtualMachines/1.6.0.jdk/Contents/Classes/laf.jar
     [loader.0] file:/usr/local/rvm/gems/jruby-1.7.4@neo4j_farting_about/gems/neo4j-community-1.8.2-java/lib/neo4j-community/jars/neo4j-shell-1.8.2.jar
     [loader.2] file:/System/Library/Java/Extensions/libJ3D.jnilib
     [loader.2] file:/System/Library/Java/Extensions/mlibwrapper_jai.jar
     [bootstrap] /System/Library/Java/JavaVirtualMachines/1.6.0.jdk/Contents/Classes/classes.jar
     [loader.2] file:/System/Library/Java/JavaVirtualMachines/1.6.0.jdk/Contents/Home/lib/ext/localedata.jar
     [loader.0] file:/usr/local/rvm/gems/jruby-1.7.4@neo4j_farting_about/gems/json-1.8.0-java/lib/json/ext/parser.jar
     [loader.2] file:/System/Library/Java/Extensions/QTJava.zip
     [loader.0] file:/usr/local/rvm/gems/jruby-1.7.4@neo4j_farting_about/gems/neo4j-community-1.8.2-java/lib/neo4j-community/jars/neo4j-udc-1.8.2.jar
     [loader.0] file:/usr/local/rvm/gems/jruby-1.7.4@neo4j_farting_about/gems/neo4j-community-1.8.2-java/lib/neo4j-community/jars/neo4j-cypher-1.8.2.jar
     [bootstrap] /System/Library/Java/JavaVirtualMachines/1.6.0.jdk/Contents/Classes/ui.jar
     [loader.2] file:/System/Library/Java/Extensions/libAppleScriptEngine.jnilib
     [loader.2] file:/System/Library/Java/Extensions/libJ3DAudio.jnilib
     [loader.2] file:/System/Library/Java/Extensions/j3daudio.jar
     [loader.2] file:/System/Library/Java/Extensions/libJ3DUtils.jnilib
     [loader.0] file:/usr/local/rvm/gems/jruby-1.7.4@global/gems/jruby-openssl-0.8.8/lib/shared/jopenssl.jar
     [loader.2] file:/System/Library/Java/Extensions/libQTJNative.jnilib
     [loader.2] file:/System/Library/Java/Extensions/j3dcore.jar
     [loader.0] file:/usr/local/rvm/gems/jruby-1.7.4@neo4j_farting_about/gems/trinidad_jars-1.2.3/trinidad-libs/trinidad-rb.jar
     [loader.0] file:/usr/local/rvm/gems/jruby-1.7.4@neo4j_farting_about/gems/neo4j-community-1.8.2-java/lib/neo4j-community/jars/neo4j-lucene-index-1.8.2.jar
     [bootstrap] /System/Library/Java/JavaVirtualMachines/1.6.0.jdk/Contents/Classes/sunrsasign.jar
     [loader.0] file:/usr/local/rvm/gems/jruby-1.7.4@global/gems/bouncy-castle-java-1.5.0147/lib/bcprov-jdk15on-147.jar
     [loader.2] file:/System/Library/Java/Extensions/j3dutils.jar
     [loader.2] file:/System/Library/Java/Extensions/jai_core.jar
     [loader.2] file:/System/Library/Java/Extensions/jai_codec.jar
     [classpath] /Users/alex/Google Drive/projects/web/neo4j_farting_about
     [loader.0] file:/usr/local/rvm/gems/jruby-1.7.4@neo4j_farting_about/gems/json-1.8.0-java/lib/json/ext/generator.jar
     [loader.2] file:/System/Library/Java/JavaVirtualMachines/1.6.0.jdk/Contents/Home/lib/ext/sunjce_provider.jar
     [loader.0] file:/usr/local/rvm/gems/jruby-1.7.4@global/gems/bouncy-castle-java-1.5.0147/lib/bcpkix-jdk15on-147.jar
     [loader.0] file:/usr/local/rvm/gems/jruby-1.7.4@neo4j_farting_about/gems/jruby-rack-1.1.13.2/lib/jruby-rack-1.1.13.2.jar
     [loader.0] file:/usr/local/rvm/gems/jruby-1.7.4@neo4j_farting_about/gems/neo4j-community-1.8.2-java/lib/neo4j-community/jars/scala-library-2.9.1-1.jar
     [loader.0] file:/usr/local/rvm/gems/jruby-1.7.4@neo4j_farting_about/gems/neo4j-community-1.8.2-java/lib/neo4j-community/jars/neo4j-jmx-1.8.2.jar
     [loader.0] file:/usr/local/rvm/gems/jruby-1.7.4@neo4j_farting_about/gems/therubyrhino_jar-1.7.4/jar/rhino-1.7R4.jar
     [bootstrap] /System/Library/Java/JavaVirtualMachines/1.6.0.jdk/Contents/Home/lib/jce.jar
     [bootstrap] /System/Library/Java/JavaVirtualMachines/1.6.0.jdk/Contents/Classes/jsse.jar
     [loader.0] file:/usr/local/rvm/gems/jruby-1.7.4@neo4j_farting_about/gems/neo4j-community-1.8.2-java/lib/neo4j-community/jars/lucene-core-3.5.0.jar
     [loader.2] file:/System/Library/Java/Extensions/AppleScriptEngine.jar
     [loader.2] file:/System/Library/Java/JavaVirtualMachines/1.6.0.jdk/Contents/Home/lib/ext/apple_provider.jar
     [bootstrap] /System/Library/Java/JavaVirtualMachines/1.6.0.jdk/Contents/Classes/jsfd.jar
     [loader.0] file:/usr/local/rvm/gems/jruby-1.7.4@neo4j_farting_about/gems/neo4j-community-1.8.2-java/lib/neo4j-community/jars/neo4j-graph-algo-1.8.2.jar
     [loader.1] file:/Users/alex/Google%20Drive/projects/web/neo4j_farting_about/
     [loader.0] file:/usr/local/rvm/gems/jruby-1.7.4@neo4j_farting_about/gems/neo4j-community-1.8.2-java/lib/neo4j-community/jars/neo4j-graph-matching-1.8.2.jar
     [loader.2] file:/System/Library/Java/JavaVirtualMachines/1.6.0.jdk/Contents/Home/lib/ext/sunpkcs11.jar
     [loader.0] file:/usr/local/rvm/gems/jruby-1.7.4@neo4j_farting_about/gems/neo4j-community-1.8.2-java/lib/neo4j-community/jars/geronimo-jta_1.1_spec-1.1.1.jar
2013-05-22 04:19:17.330+0000: Library path:
    /usr/local/mysql-5.5.16-osx10.6-x86_64/lib
    /Users/alex/Google Drive/projects/web/neo4j_farting_about
    /Library/Java/Extensions
    /System/Library/Java/Extensions
    /usr/lib/java
2013-05-22 04:19:17.330+0000: System.properties:
    jruby.home = /usr/local/rvm/rubies/jruby-1.7.4
    sun.boot.library.path = /System/Library/Java/JavaVirtualMachines/1.6.0.jdk/Contents/Libraries
    awt.nativeDoubleBuffering = true
    gopherProxySet = false
    mrj.build = 11M4203
    path.separator = :
    org.apache.catalina.startup.EXIT_ON_INIT_FAILURE = true
    file.encoding.pkg = sun.io
    sun.java.launcher = SUN_STANDARD
    user.country = US
    sun.os.patch.level = unknown
    user.dir = /Users/alex/Google Drive/projects/web/neo4j_farting_about
    neo4j.ext.udc.source = neo4rb
    jdk.home = 
    sun.jnu.encoding = MacRoman
    sun.management.compiler = HotSpot 64-Bit Tiered Compilers
    http.nonProxyHosts = local|*.local|169.254/16|*.169.254/16
    jffi.boot.library.path = /usr/local/rvm/rubies/jruby-1.7.4/lib/native:/usr/local/rvm/rubies/jruby-1.7.4/lib/native/Darwin
    user.home = /Users/alex
    catalina.useNaming = true
    user.timezone = America/Los_Angeles
    file.encoding = UTF-8
    catalina.home = /Users/alex/Google Drive/projects/web/neo4j_farting_about
    jruby.script = jruby
    user.name = alex
    jruby.shell = /bin/sh
    sun.java.command = org/jruby/Main script/rails s trinidad
    sun.arch.data.model = 64
    user.language = en
    awt.toolkit = apple.awt.CToolkit
    catalina.base = /Users/alex/Google Drive/projects/web/neo4j_farting_about
    file.separator = /
    sun.io.unicode.encoding = UnicodeLittle
    sun.cpu.endian = little
    mrj.version = 1070.1.6.0_43-447
    socksNonProxyHosts = local|*.local|169.254/16|*.169.254/16
    ftp.nonProxyHosts = local|*.local|169.254/16|*.169.254/16
    sun.cpu.isalist = 
2013-05-22 04:19:17.330+0000: Network information:
    Interface en1:
        address: fe80:0:0:0:6233:4bff:fe10:5680%5
        address: 192.168.1.115
    Interface lo0:
        address: 0:0:0:0:0:0:0:1
        address: fe80:0:0:0:0:0:0:1%1
        address: 127.0.0.1
2013-05-22 04:19:17.332+0000: --- STARTUP diagnostics END ---
2013-05-22 04:19:17.337+0000: Recovery completed, all transactions have been resolved to a consistent state.
2013-05-22 04:19:17.369+0000: Extension org.neo4j.kernel.KernelExtension[kernel jmx] loaded ok
2013-05-22 04:19:17.373+0000: Extension org.neo4j.kernel.KernelExtension[kernel udc] loaded ok
2013-05-22 04:19:17.374+0000: Extension org.neo4j.kernel.KernelExtension[shell] loaded ok
2013-05-22 04:19:17.378+0000: --- STARTUP diagnostics for KernelDiagnostics:Versions START ---
2013-05-22 04:19:17.379+0000: Graph Database: org.neo4j.kernel.EmbeddedGraphDatabase StoreId[time:1369195557154, id:-6185445951002538619, store version: 13561656364791302]
2013-05-22 04:19:17.379+0000: Kernel version: Neo4j - Graph Database Kernel 1.8.2
2013-05-22 04:19:17.379+0000: Neo4j component versions:
2013-05-22 04:19:17.379+0000:   Neo4j - Graph Database Kernel 1.8.2
2013-05-22 04:19:17.379+0000: --- STARTUP diagnostics for KernelDiagnostics:Versions END ---
2013-05-22 04:19:17.383+0000: --- STARTUP diagnostics for NEO_STORE_VERSIONS START ---
2013-05-22 04:19:17.383+0000: Store versions:
    Store versions:
      NeoStore v0.A.0
      NodeStore v0.A.0
      RelationshipStore v0.A.0
      RelationshipTypeStore v0.A.0
      PropertyStore v0.A.0
      PropertyIndexStore v0.A.0
      StringPropertyStore v0.A.0
      ArrayPropertyStore v0.A.0
2013-05-22 04:19:17.384+0000: --- STARTUP diagnostics for NEO_STORE_VERSIONS END ---
2013-05-22 04:19:17.384+0000: --- STARTUP diagnostics for NEO_STORE_ID_USAGE START ---
2013-05-22 04:19:17.384+0000: Id usage:
    Id usage:
      NodeStore: used=1 high=0
      RelationshipStore: used=0 high=-1
      RelationshipTypeStore: used=0 high=-1
      PropertyStore: used=0 high=-1
      PropertyIndexStore: used=0 high=-1
      StringPropertyStore: used=1 high=0
      ArrayPropertyStore: used=1 high=0
2013-05-22 04:19:17.384+0000: --- STARTUP diagnostics for NEO_STORE_ID_USAGE END ---
2013-05-22 04:19:17.384+0000: --- STARTUP diagnostics for PERSISTENCE_WINDOW_POOL_STATS START ---
2013-05-22 04:19:17.384+0000: --- STARTUP diagnostics for PERSISTENCE_WINDOW_POOL_STATS END ---
2013-05-22 04:19:17.385+0000: --- STARTUP diagnostics for KernelDiagnostics:StoreFiles START ---
2013-05-22 04:19:17.385+0000: Disk space on partition (Total / Free / Free %): 499248103424 / 102370992128 / 79
Storage files: (filename : modification date - size)
      active_tx_log: 2013-05-21T21:05:57-0700 - 11.00 B
      index:
        lucene-store.db: 2013-05-21T21:18:22-0700 - 40.00 B
        lucene.log.1: 2013-05-21T21:19:17-0700 - 16.00 B
        lucene.log.active: 2013-05-21T21:19:17-0700 - 4.00 B
        lucene.log.v0: 2013-05-21T21:10:40-0700 - 16.00 B
        lucene.log.v1: 2013-05-21T21:18:22-0700 - 16.00 B
      - Total: 2013-05-21T21:19:17-0700 - 92.00 B
      lock: 2013-05-21T21:19:17-0700 - 0.00 B
      messages.log: 2013-05-21T21:19:17-0700 - 66.32 kB
      neostore: 2013-05-21T21:19:17-0700 - 54.00 B
      neostore.id: 2013-05-21T21:19:17-0700 - 9.00 B
      neostore.nodestore.db: 2013-05-21T21:19:17-0700 - 9.00 B
      neostore.nodestore.db.id: 2013-05-21T21:19:17-0700 - 9.00 B
      neostore.propertystore.db: 2013-05-21T21:19:17-0700 - 0.00 B
      neostore.propertystore.db.arrays: 2013-05-21T21:19:17-0700 - 128.00 B
      neostore.propertystore.db.arrays.id: 2013-05-21T21:19:17-0700 - 9.00 B
      neostore.propertystore.db.id: 2013-05-21T21:19:17-0700 - 9.00 B
      neostore.propertystore.db.index: 2013-05-21T21:19:17-0700 - 0.00 B
      neostore.propertystore.db.index.id: 2013-05-21T21:19:17-0700 - 9.00 B
      neostore.propertystore.db.index.keys: 2013-05-21T21:19:17-0700 - 38.00 B
      neostore.propertystore.db.index.keys.id: 2013-05-21T21:19:17-0700 - 9.00 B
      neostore.propertystore.db.strings: 2013-05-21T21:19:17-0700 - 128.00 B
      neostore.propertystore.db.strings.id: 2013-05-21T21:19:17-0700 - 9.00 B
      neostore.relationshipstore.db: 2013-05-21T21:19:17-0700 - 0.00 B
      neostore.relationshipstore.db.id: 2013-05-21T21:19:17-0700 - 9.00 B
      neostore.relationshiptypestore.db: 2013-05-21T21:19:17-0700 - 0.00 B
      neostore.relationshiptypestore.db.id: 2013-05-21T21:19:17-0700 - 9.00 B
      neostore.relationshiptypestore.db.names: 2013-05-21T21:19:17-0700 - 38.00 B
      neostore.relationshiptypestore.db.names.id: 2013-05-21T21:19:17-0700 - 9.00 B
      nioneo_logical.log.1: 2013-05-21T21:19:17-0700 - 16.00 B
      nioneo_logical.log.active: 2013-05-21T21:19:17-0700 - 4.00 B
      nioneo_logical.log.v0: 2013-05-21T21:10:40-0700 - 16.00 B
      nioneo_logical.log.v1: 2013-05-21T21:18:22-0700 - 16.00 B
      store_lock: 2013-05-21T21:05:57-0700 - 0.00 B
      tm_tx_log.1: 2013-05-21T21:19:17-0700 - 0.00 B
2013-05-22 04:19:17.390+0000: --- STARTUP diagnostics for KernelDiagnostics:StoreFiles END ---
2013-05-22 04:19:17.392+0000: Started - database is now available
2013-05-22 04:19:17.397+0000: GC Monitor started. 
2013-05-22 04:25:04.476+0000: Stopping - database is now unavailable
2013-05-22 04:25:04.478+0000: TM shutting down
2013-05-22 04:25:04.480+0000: Closed log /Users/alex/Google Drive/projects/web/neo4j_farting_about/db/neo4j-development/index/lucene.log
2013-05-22 04:25:04.484+0000: Closed log /Users/alex/Google Drive/projects/web/neo4j_farting_about/db/neo4j-development/nioneo_logical.log
2013-05-22 04:25:04.484+0000: /Users/alex/Google Drive/projects/web/neo4j_farting_about/db/neo4j-development/neostore.relationshiptypestore.db.names hit=0 miss=0 switches=0 ooe=0
2013-05-22 04:25:04.485+0000: /Users/alex/Google Drive/projects/web/neo4j_farting_about/db/neo4j-development/neostore.relationshiptypestore.db hit=0 miss=0 switches=0 ooe=0
2013-05-22 04:25:04.486+0000: /Users/alex/Google Drive/projects/web/neo4j_farting_about/db/neo4j-development/neostore.propertystore.db.strings hit=0 miss=0 switches=0 ooe=0
2013-05-22 04:25:04.489+0000: /Users/alex/Google Drive/projects/web/neo4j_farting_about/db/neo4j-development/neostore.propertystore.db.index.keys hit=0 miss=0 switches=0 ooe=0
2013-05-22 04:25:04.490+0000: /Users/alex/Google Drive/projects/web/neo4j_farting_about/db/neo4j-development/neostore.propertystore.db.index hit=0 miss=0 switches=0 ooe=0
2013-05-22 04:25:04.491+0000: /Users/alex/Google Drive/projects/web/neo4j_farting_about/db/neo4j-development/neostore.propertystore.db.arrays hit=0 miss=0 switches=0 ooe=0
2013-05-22 04:25:04.492+0000: /Users/alex/Google Drive/projects/web/neo4j_farting_about/db/neo4j-development/neostore.propertystore.db hit=0 miss=0 switches=0 ooe=0
2013-05-22 04:25:04.493+0000: /Users/alex/Google Drive/projects/web/neo4j_farting_about/db/neo4j-development/neostore.relationshipstore.db hit=0 miss=0 switches=0 ooe=0
2013-05-22 04:25:04.495+0000: /Users/alex/Google Drive/projects/web/neo4j_farting_about/db/neo4j-development/neostore.nodestore.db hit=1 miss=0 switches=0 ooe=0
2013-05-22 04:25:04.496+0000: /Users/alex/Google Drive/projects/web/neo4j_farting_about/db/neo4j-development/neostore hit=0 miss=16 switches=0 ooe=0
2013-05-22 04:25:04.498+0000: NeoStore closed
2013-05-22 04:25:04.498+0000: --- SHUTDOWN diagnostics START ---
2013-05-22 04:25:04.498+0000: --- SHUTDOWN diagnostics END ---
2013-05-22 04:25:39.013+0000: [/Users/alex/Google Drive/projects/web/neo4j_farting_about/db/neo4j-development/neostore.relationshiptypestore.db.names] brickCount=0 brickSize=0b mappedMem=0b (storeSize=38b)
2013-05-22 04:25:39.017+0000: [/Users/alex/Google Drive/projects/web/neo4j_farting_about/db/neo4j-development/neostore.relationshiptypestore.db] brickCount=0 brickSize=0b mappedMem=0b (storeSize=0b)
2013-05-22 04:25:39.017+0000: [/Users/alex/Google Drive/projects/web/neo4j_farting_about/db/neo4j-development/neostore.propertystore.db.strings] brickCount=0 brickSize=333440b mappedMem=333447168b (storeSize=128b)
2013-05-22 04:25:39.018+0000: [/Users/alex/Google Drive/projects/web/neo4j_farting_about/db/neo4j-development/neostore.propertystore.db.index.keys] brickCount=0 brickSize=1026b mappedMem=1048576b (storeSize=38b)
2013-05-22 04:25:39.019+0000: [/Users/alex/Google Drive/projects/web/neo4j_farting_about/db/neo4j-development/neostore.propertystore.db.index] brickCount=0 brickSize=10485b mappedMem=1048576b (storeSize=0b)
2013-05-22 04:25:39.021+0000: [/Users/alex/Google Drive/projects/web/neo4j_farting_about/db/neo4j-development/neostore.propertystore.db.arrays] brickCount=0 brickSize=378496b mappedMem=378535936b (storeSize=128b)
2013-05-22 04:25:39.024+0000: [/Users/alex/Google Drive/projects/web/neo4j_farting_about/db/neo4j-development/neostore.propertystore.db] brickCount=0 brickSize=3932146b mappedMem=393216000b (storeSize=0b)
2013-05-22 04:25:39.026+0000: [/Users/alex/Google Drive/projects/web/neo4j_farting_about/db/neo4j-development/neostore.relationshipstore.db] brickCount=0 brickSize=4812951b mappedMem=481296384b (storeSize=0b)
2013-05-22 04:25:39.027+0000: [/Users/alex/Google Drive/projects/web/neo4j_farting_about/db/neo4j-development/neostore.nodestore.db] brickCount=0 brickSize=109044b mappedMem=109051904b (storeSize=9b)
2013-05-22 04:25:39.028+0000: [/Users/alex/Google Drive/projects/web/neo4j_farting_about/db/neo4j-development/neostore] brickCount=0 brickSize=0b mappedMem=0b (storeSize=54b)
2013-05-22 04:25:39.051+0000: Opened logical log [/Users/alex/Google Drive/projects/web/neo4j_farting_about/db/neo4j-development/nioneo_logical.log.1] version=3, lastTxId=1 (clean)
2013-05-22 04:25:39.058+0000: TM opening log: /Users/alex/Google Drive/projects/web/neo4j_farting_about/db/neo4j-development/tm_tx_log.1
2013-05-22 04:25:39.093+0000: Opened logical log [/Users/alex/Google Drive/projects/web/neo4j_farting_about/db/neo4j-development/index/lucene.log.1] version=3, lastTxId=1 (clean)
2013-05-22 04:25:39.097+0000: --- STARTUP diagnostics START ---
2013-05-22 04:25:39.099+0000: Neo4j Kernel properties:
    forced_kernel_id=
    read_only=false
    neo4j.ext.udc.host=udc.neo4j.org
    logical_log=nioneo_logical.log
    node_auto_indexing=false
    intercept_committing_transactions=false
    remote_shell_name=shell
    cache_type=soft
    intercept_deserialized_transactions=false
    lucene_searcher_cache_size=2147483647
    neo4j.ext.udc.interval=86400000
    use_memory_mapped_buffers=true
    timestamps=true
    rebuild_idgenerators_fast=true
    neostore.propertystore.db.index.keys.mapped_memory=1M
    neostore.propertystore.db.arrays.mapped_memory=361M
    neostore.propertystore.db.strings.mapped_memory=318M
    log_mapped_memory_stats_filename=mapped_memory_stats.log
    log_mapped_memory_stats_interval=1000000
    gcr_cache_min_log_interval=60s
    relationship_grab_size=100
    relationship_auto_indexing=false
    remote_shell_read_only=false
    storage_path=/Users/alex/Google Drive/projects/web/neo4j_farting_about/db/neo4j-development
    node_cache_array_fraction=1.0
    allow_store_upgrade=false
    execution_guard_enabled=false
    relationship_cache_array_fraction=1.0
    migration_thread=false
    store_dir=/Users/alex/Google Drive/projects/web/neo4j_farting_about/db/neo4j-development
    remote_logging_host=127.0.0.1
    online_backup_enabled=false
    remote_logging_port=4560
    gc_monitor_threshold=200ms
    enable_rules=true
    array_block_size=120
    load_kernel_extensions=true
    neostore.relationshipstore.db.mapped_memory=459M
    keep_logical_logs=true
    dump_configuration=false
    gc_monitor_wait_time=100ms
    neostore.nodestore.db.mapped_memory=104M
    neo4j.ext.udc.first_delay=600000
    remote_shell_enabled=false
    neo4j.ext.udc.reg=unreg
    remote_shell_port=1337
    identity_map=true
    log_mapped_memory_stats=false
    mapped_memory_page_size=1M
    neo_store=neostore
    query_cache_size=100
    logging.threshold_for_rotation=104857600
    neostore.propertystore.db.index.mapped_memory=1M
    backup_slave=false
    neostore.propertystore.db.mapped_memory=375M
    string_block_size=120
    grab_file_lock=true
    remote_logging_enabled=false
    neo4j.ext.udc.enabled=true
    all_stores_total_mapped_memory_size=500M
    online_backup_port=6362
2013-05-22 04:25:39.104+0000: Diagnostics providers:
    org.neo4j.kernel.configuration.Config
    org.neo4j.kernel.info.DiagnosticsManager
    SYSTEM_MEMORY
    JAVA_MEMORY
    OPERATING_SYSTEM
    JAVA_VIRTUAL_MACHINE
    CLASSPATH
    LIBRARY_PATH
    SYSTEM_PROPERTIES
    NETWORK
2013-05-22 04:25:39.105+0000: System memory information:
    Total Physical memory: 4.00 GB
    Free Physical memory: 185.39 MB
    Committed virtual memory: 3.30 GB
    Total swap space: 5.00 GB
    Free swap space: 877.84 MB
2013-05-22 04:25:39.113+0000: JVM memory information:
    Free  memory: 23.75 MB
    Total memory: 81.06 MB
    Max   memory: 493.75 MB
    Garbage Collector: ParNew: [Par Eden Space, Par Survivor Space]
    Garbage Collector: ConcurrentMarkSweep: [Par Eden Space, Par Survivor Space, CMS Old Gen, CMS Perm Gen]
    Memory Pool: Code Cache (Non-heap memory): committed=4.75 MB, used=4.65 MB, max=48.00 MB, threshold=0.00 B
    Memory Pool: Par Eden Space (Heap memory): committed=16.63 MB, used=1.06 MB, max=50.00 MB, threshold=?
    Memory Pool: Par Survivor Space (Heap memory): committed=2.06 MB, used=1.23 MB, max=6.25 MB, threshold=?
    Memory Pool: CMS Old Gen (Heap memory): committed=62.38 MB, used=55.03 MB, max=437.50 MB, threshold=0.00 B
    Memory Pool: CMS Perm Gen (Non-heap memory): committed=65.23 MB, used=53.08 MB, max=82.00 MB, threshold=0.00 B
2013-05-22 04:25:39.118+0000: Operating system information:
    Operating System: Mac OS X; version: 10.7.5; arch: x86_64; cpus: 4
    Max number of file descriptors: 10240
    Number of open file descriptors: 99
    Process id: 25760@lappy.local
    Byte order: LITTLE_ENDIAN
    Local timezone: America/Los_Angeles
2013-05-22 04:25:39.121+0000: JVM information:
    VM Name: Java HotSpot(TM) 64-Bit Server VM
    VM Vendor: Apple Inc.
    VM Version: 20.14-b01-447
    JIT compiler: HotSpot 64-Bit Tiered Compilers
    VM Arguments: [-Djdk.home=, -Djruby.home=/usr/local/rvm/rubies/jruby-1.7.4, -Djruby.script=jruby, -Djruby.shell=/bin/sh, -Djffi.boot.library.path=/usr/local/rvm/rubies/jruby-1.7.4/lib/native:/usr/local/rvm/rubies/jruby-1.7.4/lib/native/Darwin, -Xmx500m, -Xss2048k, -Xbootclasspath/a:/usr/local/rvm/rubies/jruby-1.7.4/lib/jruby.jar, -Dfile.encoding=UTF-8]
2013-05-22 04:25:39.122+0000: Java classpath:
     [bootstrap] /System/Library/Java/JavaVirtualMachines/1.6.0.jdk/Contents/Classes/charsets.jar
     [bootstrap] /usr/local/rvm/rubies/jruby-1.7.4/lib/jruby.jar
     [loader.0] file:/usr/local/rvm/gems/jruby-1.7.4@neo4j_farting_about/gems/neo4j-community-1.8.2-java/lib/neo4j-community/jars/server-api-1.8.2.jar
     [bootstrap] /System/Library/Frameworks/JavaVM.framework/Versions/A/Frameworks/JavaRuntimeSupport.framework/Versions/A/Resources/Java/JavaRuntimeSupport.jar
     [loader.2] file:/System/Library/Java/Extensions/dns_sd.jar
     [loader.0] file:/usr/local/rvm/gems/jruby-1.7.4@neo4j_farting_about/gems/bcrypt-ruby-3.0.1-java/lib/bcrypt_ext.jar
     [loader.2] file:/System/Library/Java/Extensions/MRJToolkit.jar
     [loader.0] file:/usr/local/rvm/gems/jruby-1.7.4@neo4j_farting_about/gems/neo4j-community-1.8.2-java/lib/neo4j-community/jars/neo4j-kernel-1.8.2.jar
     [loader.2] file:/System/Library/Java/Extensions/vecmath.jar
     [loader.0] file:/usr/local/rvm/gems/jruby-1.7.4@neo4j_farting_about/gems/neo4j-core-2.2.4-java/lib/neo4j-core/jars/neo4jrb-adaptor.jar
     [loader.2] file:/System/Library/Java/Extensions/libmlib_jai.jnilib
     [loader.0] file:/usr/local/rvm/gems/jruby-1.7.4@neo4j_farting_about/gems/trinidad_jars-1.2.3/trinidad-libs/tomcat-core.jar
     [loader.0] file:/usr/local/rvm/gems/jruby-1.7.4@neo4j_farting_about/gems/neo4j-community-1.8.2-java/lib/neo4j-community/jars/org.apache.servicemix.bundles.jline-0.9.94_1.jar
     [loader.2] file:/System/Library/Java/JavaVirtualMachines/1.6.0.jdk/Contents/Home/lib/ext/dnsns.jar
     [loader.0] file:/usr/local/rvm/gems/jruby-1.7.4@neo4j_farting_about/gems/neo4j-community-1.8.2-java/lib/neo4j-community/jars/concurrentlinkedhashmap-lru-1.3.1.jar
     [bootstrap] /System/Library/Java/JavaVirtualMachines/1.6.0.jdk/Contents/Classes/laf.jar
     [loader.0] file:/usr/local/rvm/gems/jruby-1.7.4@neo4j_farting_about/gems/neo4j-community-1.8.2-java/lib/neo4j-community/jars/neo4j-shell-1.8.2.jar
     [loader.2] file:/System/Library/Java/Extensions/libJ3D.jnilib
     [loader.2] file:/System/Library/Java/Extensions/mlibwrapper_jai.jar
     [bootstrap] /System/Library/Java/JavaVirtualMachines/1.6.0.jdk/Contents/Classes/classes.jar
     [loader.2] file:/System/Library/Java/JavaVirtualMachines/1.6.0.jdk/Contents/Home/lib/ext/localedata.jar
     [loader.0] file:/usr/local/rvm/gems/jruby-1.7.4@neo4j_farting_about/gems/json-1.8.0-java/lib/json/ext/parser.jar
     [loader.2] file:/System/Library/Java/Extensions/QTJava.zip
     [loader.0] file:/usr/local/rvm/gems/jruby-1.7.4@neo4j_farting_about/gems/neo4j-community-1.8.2-java/lib/neo4j-community/jars/neo4j-udc-1.8.2.jar
     [loader.0] file:/usr/local/rvm/gems/jruby-1.7.4@neo4j_farting_about/gems/neo4j-community-1.8.2-java/lib/neo4j-community/jars/neo4j-cypher-1.8.2.jar
     [bootstrap] /System/Library/Java/JavaVirtualMachines/1.6.0.jdk/Contents/Classes/ui.jar
     [loader.2] file:/System/Library/Java/Extensions/libAppleScriptEngine.jnilib
     [loader.2] file:/System/Library/Java/Extensions/libJ3DAudio.jnilib
     [loader.2] file:/System/Library/Java/Extensions/j3daudio.jar
     [loader.2] file:/System/Library/Java/Extensions/libJ3DUtils.jnilib
     [loader.2] file:/System/Library/Java/Extensions/libQTJNative.jnilib
     [loader.0] file:/usr/local/rvm/gems/jruby-1.7.4@global/gems/jruby-openssl-0.8.8/lib/shared/jopenssl.jar
     [loader.2] file:/System/Library/Java/Extensions/j3dcore.jar
     [loader.0] file:/usr/local/rvm/gems/jruby-1.7.4@neo4j_farting_about/gems/trinidad_jars-1.2.3/trinidad-libs/trinidad-rb.jar
     [loader.0] file:/usr/local/rvm/gems/jruby-1.7.4@neo4j_farting_about/gems/neo4j-community-1.8.2-java/lib/neo4j-community/jars/neo4j-lucene-index-1.8.2.jar
     [bootstrap] /System/Library/Java/JavaVirtualMachines/1.6.0.jdk/Contents/Classes/sunrsasign.jar
     [loader.0] file:/usr/local/rvm/gems/jruby-1.7.4@global/gems/bouncy-castle-java-1.5.0147/lib/bcprov-jdk15on-147.jar
     [loader.2] file:/System/Library/Java/Extensions/j3dutils.jar
     [loader.2] file:/System/Library/Java/Extensions/jai_core.jar
     [loader.2] file:/System/Library/Java/Extensions/jai_codec.jar
     [classpath] /Users/alex/Google Drive/projects/web/neo4j_farting_about
     [loader.0] file:/usr/local/rvm/gems/jruby-1.7.4@neo4j_farting_about/gems/json-1.8.0-java/lib/json/ext/generator.jar
     [loader.2] file:/System/Library/Java/JavaVirtualMachines/1.6.0.jdk/Contents/Home/lib/ext/sunjce_provider.jar
     [loader.0] file:/usr/local/rvm/gems/jruby-1.7.4@global/gems/bouncy-castle-java-1.5.0147/lib/bcpkix-jdk15on-147.jar
     [loader.0] file:/usr/local/rvm/gems/jruby-1.7.4@neo4j_farting_about/gems/jruby-rack-1.1.13.2/lib/jruby-rack-1.1.13.2.jar
     [loader.0] file:/usr/local/rvm/gems/jruby-1.7.4@neo4j_farting_about/gems/neo4j-community-1.8.2-java/lib/neo4j-community/jars/scala-library-2.9.1-1.jar
     [loader.0] file:/usr/local/rvm/gems/jruby-1.7.4@neo4j_farting_about/gems/neo4j-community-1.8.2-java/lib/neo4j-community/jars/neo4j-jmx-1.8.2.jar
     [loader.0] file:/usr/local/rvm/gems/jruby-1.7.4@neo4j_farting_about/gems/therubyrhino_jar-1.7.4/jar/rhino-1.7R4.jar
     [bootstrap] /System/Library/Java/JavaVirtualMachines/1.6.0.jdk/Contents/Home/lib/jce.jar
     [bootstrap] /System/Library/Java/JavaVirtualMachines/1.6.0.jdk/Contents/Classes/jsse.jar
     [loader.0] file:/usr/local/rvm/gems/jruby-1.7.4@neo4j_farting_about/gems/neo4j-community-1.8.2-java/lib/neo4j-community/jars/lucene-core-3.5.0.jar
     [loader.2] file:/System/Library/Java/Extensions/AppleScriptEngine.jar
     [loader.2] file:/System/Library/Java/JavaVirtualMachines/1.6.0.jdk/Contents/Home/lib/ext/apple_provider.jar
     [bootstrap] /System/Library/Java/JavaVirtualMachines/1.6.0.jdk/Contents/Classes/jsfd.jar
     [loader.0] file:/usr/local/rvm/gems/jruby-1.7.4@neo4j_farting_about/gems/neo4j-community-1.8.2-java/lib/neo4j-community/jars/neo4j-graph-algo-1.8.2.jar
     [loader.1] file:/Users/alex/Google%20Drive/projects/web/neo4j_farting_about/
     [loader.0] file:/usr/local/rvm/gems/jruby-1.7.4@neo4j_farting_about/gems/neo4j-community-1.8.2-java/lib/neo4j-community/jars/neo4j-graph-matching-1.8.2.jar
     [loader.2] file:/System/Library/Java/JavaVirtualMachines/1.6.0.jdk/Contents/Home/lib/ext/sunpkcs11.jar
     [loader.0] file:/usr/local/rvm/gems/jruby-1.7.4@neo4j_farting_about/gems/neo4j-community-1.8.2-java/lib/neo4j-community/jars/geronimo-jta_1.1_spec-1.1.1.jar
2013-05-22 04:25:39.125+0000: Library path:
    /usr/local/mysql-5.5.16-osx10.6-x86_64/lib
    /Users/alex/Google Drive/projects/web/neo4j_farting_about
    /Library/Java/Extensions
    /System/Library/Java/Extensions
    /usr/lib/java
2013-05-22 04:25:39.125+0000: System.properties:
    jruby.home = /usr/local/rvm/rubies/jruby-1.7.4
    sun.boot.library.path = /System/Library/Java/JavaVirtualMachines/1.6.0.jdk/Contents/Libraries
    awt.nativeDoubleBuffering = true
    gopherProxySet = false
    mrj.build = 11M4203
    path.separator = :
    org.apache.catalina.startup.EXIT_ON_INIT_FAILURE = true
    file.encoding.pkg = sun.io
    sun.java.launcher = SUN_STANDARD
    user.country = US
    sun.os.patch.level = unknown
    user.dir = /Users/alex/Google Drive/projects/web/neo4j_farting_about
    neo4j.ext.udc.source = neo4rb
    jdk.home = 
    sun.jnu.encoding = MacRoman
    sun.management.compiler = HotSpot 64-Bit Tiered Compilers
    http.nonProxyHosts = local|*.local|169.254/16|*.169.254/16
    jffi.boot.library.path = /usr/local/rvm/rubies/jruby-1.7.4/lib/native:/usr/local/rvm/rubies/jruby-1.7.4/lib/native/Darwin
    user.home = /Users/alex
    catalina.useNaming = true
    user.timezone = America/Los_Angeles
    file.encoding = UTF-8
    catalina.home = /Users/alex/Google Drive/projects/web/neo4j_farting_about
    jruby.script = jruby
    user.name = alex
    jruby.shell = /bin/sh
    sun.java.command = org/jruby/Main script/rails s trinidad
    sun.arch.data.model = 64
    user.language = en
    awt.toolkit = apple.awt.CToolkit
    catalina.base = /Users/alex/Google Drive/projects/web/neo4j_farting_about
    file.separator = /
    sun.io.unicode.encoding = UnicodeLittle
    sun.cpu.endian = little
    mrj.version = 1070.1.6.0_43-447
    socksNonProxyHosts = local|*.local|169.254/16|*.169.254/16
    ftp.nonProxyHosts = local|*.local|169.254/16|*.169.254/16
    sun.cpu.isalist = 
2013-05-22 04:25:39.126+0000: Network information:
    Interface en1:
        address: fe80:0:0:0:6233:4bff:fe10:5680%5
        address: 192.168.1.115
    Interface lo0:
        address: 0:0:0:0:0:0:0:1
        address: fe80:0:0:0:0:0:0:1%1
        address: 127.0.0.1
2013-05-22 04:25:39.128+0000: --- STARTUP diagnostics END ---
2013-05-22 04:25:39.132+0000: Recovery completed, all transactions have been resolved to a consistent state.
2013-05-22 04:25:39.167+0000: Extension org.neo4j.kernel.KernelExtension[kernel jmx] loaded ok
2013-05-22 04:25:39.174+0000: Extension org.neo4j.kernel.KernelExtension[kernel udc] loaded ok
2013-05-22 04:25:39.175+0000: Extension org.neo4j.kernel.KernelExtension[shell] loaded ok
2013-05-22 04:25:39.180+0000: --- STARTUP diagnostics for KernelDiagnostics:Versions START ---
2013-05-22 04:25:39.181+0000: Graph Database: org.neo4j.kernel.EmbeddedGraphDatabase StoreId[time:1369195557154, id:-6185445951002538619, store version: 13561656364791302]
2013-05-22 04:25:39.181+0000: Kernel version: Neo4j - Graph Database Kernel 1.8.2
2013-05-22 04:25:39.181+0000: Neo4j component versions:
2013-05-22 04:25:39.182+0000:   Neo4j - Graph Database Kernel 1.8.2
2013-05-22 04:25:39.182+0000: --- STARTUP diagnostics for KernelDiagnostics:Versions END ---
2013-05-22 04:25:39.186+0000: --- STARTUP diagnostics for NEO_STORE_VERSIONS START ---
2013-05-22 04:25:39.187+0000: Store versions:
    Store versions:
      NeoStore v0.A.0
      NodeStore v0.A.0
      RelationshipStore v0.A.0
      RelationshipTypeStore v0.A.0
      PropertyStore v0.A.0
      PropertyIndexStore v0.A.0
      StringPropertyStore v0.A.0
      ArrayPropertyStore v0.A.0
2013-05-22 04:25:39.187+0000: --- STARTUP diagnostics for NEO_STORE_VERSIONS END ---
2013-05-22 04:25:39.187+0000: --- STARTUP diagnostics for NEO_STORE_ID_USAGE START ---
2013-05-22 04:25:39.187+0000: Id usage:
    Id usage:
      NodeStore: used=1 high=0
      RelationshipStore: used=0 high=-1
      RelationshipTypeStore: used=0 high=-1
      PropertyStore: used=0 high=-1
      PropertyIndexStore: used=0 high=-1
      StringPropertyStore: used=1 high=0
      ArrayPropertyStore: used=1 high=0
2013-05-22 04:25:39.188+0000: --- STARTUP diagnostics for NEO_STORE_ID_USAGE END ---
2013-05-22 04:25:39.188+0000: --- STARTUP diagnostics for PERSISTENCE_WINDOW_POOL_STATS START ---
2013-05-22 04:25:39.188+0000: --- STARTUP diagnostics for PERSISTENCE_WINDOW_POOL_STATS END ---
2013-05-22 04:25:39.188+0000: --- STARTUP diagnostics for KernelDiagnostics:StoreFiles START ---
2013-05-22 04:25:39.189+0000: Disk space on partition (Total / Free / Free %): 499248103424 / 102370861056 / 79
Storage files: (filename : modification date - size)
      active_tx_log: 2013-05-21T21:05:57-0700 - 11.00 B
      index:
        lucene-store.db: 2013-05-21T21:25:04-0700 - 40.00 B
        lucene.log.1: 2013-05-21T21:25:39-0700 - 16.00 B
        lucene.log.active: 2013-05-21T21:25:39-0700 - 4.00 B
        lucene.log.v0: 2013-05-21T21:10:40-0700 - 16.00 B
        lucene.log.v1: 2013-05-21T21:18:22-0700 - 16.00 B
        lucene.log.v2: 2013-05-21T21:25:04-0700 - 16.00 B
      - Total: 2013-05-21T21:25:39-0700 - 108.00 B
      lock: 2013-05-21T21:25:39-0700 - 0.00 B
      messages.log: 2013-05-21T21:25:39-0700 - 88.80 kB
      neostore: 2013-05-21T21:25:39-0700 - 54.00 B
      neostore.id: 2013-05-21T21:25:39-0700 - 9.00 B
      neostore.nodestore.db: 2013-05-21T21:25:39-0700 - 9.00 B
      neostore.nodestore.db.id: 2013-05-21T21:25:39-0700 - 9.00 B
      neostore.propertystore.db: 2013-05-21T21:25:39-0700 - 0.00 B
      neostore.propertystore.db.arrays: 2013-05-21T21:25:39-0700 - 128.00 B
      neostore.propertystore.db.arrays.id: 2013-05-21T21:25:39-0700 - 9.00 B
      neostore.propertystore.db.id: 2013-05-21T21:25:39-0700 - 9.00 B
      neostore.propertystore.db.index: 2013-05-21T21:25:39-0700 - 0.00 B
      neostore.propertystore.db.index.id: 2013-05-21T21:25:39-0700 - 9.00 B
      neostore.propertystore.db.index.keys: 2013-05-21T21:25:39-0700 - 38.00 B
      neostore.propertystore.db.index.keys.id: 2013-05-21T21:25:39-0700 - 9.00 B
      neostore.propertystore.db.strings: 2013-05-21T21:25:39-0700 - 128.00 B
      neostore.propertystore.db.strings.id: 2013-05-21T21:25:39-0700 - 9.00 B
      neostore.relationshipstore.db: 2013-05-21T21:25:39-0700 - 0.00 B
      neostore.relationshipstore.db.id: 2013-05-21T21:25:39-0700 - 9.00 B
      neostore.relationshiptypestore.db: 2013-05-21T21:25:39-0700 - 0.00 B
      neostore.relationshiptypestore.db.id: 2013-05-21T21:25:39-0700 - 9.00 B
      neostore.relationshiptypestore.db.names: 2013-05-21T21:25:39-0700 - 38.00 B
      neostore.relationshiptypestore.db.names.id: 2013-05-21T21:25:39-0700 - 9.00 B
      nioneo_logical.log.1: 2013-05-21T21:25:39-0700 - 16.00 B
      nioneo_logical.log.active: 2013-05-21T21:25:39-0700 - 4.00 B
      nioneo_logical.log.v0: 2013-05-21T21:10:40-0700 - 16.00 B
      nioneo_logical.log.v1: 2013-05-21T21:18:22-0700 - 16.00 B
      nioneo_logical.log.v2: 2013-05-21T21:25:04-0700 - 16.00 B
      store_lock: 2013-05-21T21:05:57-0700 - 0.00 B
      tm_tx_log.1: 2013-05-21T21:25:39-0700 - 0.00 B
2013-05-22 04:25:39.196+0000: --- STARTUP diagnostics for KernelDiagnostics:StoreFiles END ---
2013-05-22 04:25:39.198+0000: Started - database is now available
2013-05-22 04:25:39.199+0000: GC Monitor started. 
2013-05-22 04:28:45.298+0000: GC Monitor: Application threads blocked for an additional 619ms [total block time: 0.619s]
2013-05-22 04:45:42.519+0000: GC Monitor: Application threads blocked for an additional 27091ms [total block time: 27.71s]
2013-05-22 06:07:05.223+0000: GC Monitor: Application threads blocked for an additional 26670ms [total block time: 54.38s]
2013-05-22 08:06:38.026+0000: GC Monitor: Application threads blocked for an additional 7172300ms [total block time: 7226.68s]
2013-05-22 08:07:16.762+0000: GC Monitor: Application threads blocked for an additional 19165ms [total block time: 7245.845s]
2013-05-22 10:06:56.024+0000: GC Monitor: Application threads blocked for an additional 7178729ms [total block time: 14424.574s]
2013-05-22 10:07:37.094+0000: GC Monitor: Application threads blocked for an additional 19495ms [total block time: 14444.069s]
2013-05-22 12:07:14.036+0000: GC Monitor: Application threads blocked for an additional 7176509ms [total block time: 21620.578s]
2013-05-22 12:07:54.162+0000: GC Monitor: Application threads blocked for an additional 19353ms [total block time: 21639.932s]
2013-05-22 14:07:32.030+0000: GC Monitor: Application threads blocked for an additional 7177361ms [total block time: 28817.293s]
2013-05-22 14:08:10.441+0000: GC Monitor: Application threads blocked for an additional 19157ms [total block time: 28836.447s]
2013-05-22 16:12:52.018+0000: GC Monitor: Application threads blocked for an additional 7481073ms [total block time: 36317.52s]
2013-05-22 16:17:48.865+0000: GC Monitor: Application threads blocked for an additional 124ms [total block time: 36317.65s]
2013-05-22 16:17:49.568+0000: Stopping - database is now unavailable
2013-05-22 16:17:49.641+0000: GC Monitor stopped. 
2013-05-22 16:17:49.650+0000: TM shutting down
2013-05-22 16:17:50.169+0000: Closed log /Users/alex/Google Drive/projects/web/neo4j_farting_about/db/neo4j-development/index/lucene.log
2013-05-22 16:17:50.683+0000: Closed log /Users/alex/Google Drive/projects/web/neo4j_farting_about/db/neo4j-development/nioneo_logical.log
2013-05-22 16:17:50.683+0000: /Users/alex/Google Drive/projects/web/neo4j_farting_about/db/neo4j-development/neostore.relationshiptypestore.db.names hit=0 miss=2 switches=0 ooe=0
2013-05-22 16:17:50.686+0000: /Users/alex/Google Drive/projects/web/neo4j_farting_about/db/neo4j-development/neostore.relationshiptypestore.db hit=0 miss=2 switches=0 ooe=0
2013-05-22 16:17:50.714+0000: /Users/alex/Google Drive/projects/web/neo4j_farting_about/db/neo4j-development/neostore.propertystore.db.strings hit=2 miss=0 switches=0 ooe=0
2013-05-22 16:17:50.768+0000: /Users/alex/Google Drive/projects/web/neo4j_farting_about/db/neo4j-development/neostore.propertystore.db.index.keys hit=11 miss=0 switches=0 ooe=0
2013-05-22 16:17:50.770+0000: /Users/alex/Google Drive/projects/web/neo4j_farting_about/db/neo4j-development/neostore.propertystore.db.index hit=11 miss=0 switches=0 ooe=0
2013-05-22 16:17:50.771+0000: /Users/alex/Google Drive/projects/web/neo4j_farting_about/db/neo4j-development/neostore.propertystore.db.arrays hit=0 miss=0 switches=0 ooe=0
2013-05-22 16:17:50.772+0000: /Users/alex/Google Drive/projects/web/neo4j_farting_about/db/neo4j-development/neostore.propertystore.db hit=11 miss=0 switches=0 ooe=0
2013-05-22 16:17:50.776+0000: /Users/alex/Google Drive/projects/web/neo4j_farting_about/db/neo4j-development/neostore.relationshipstore.db hit=2 miss=0 switches=0 ooe=0
2013-05-22 16:17:50.782+0000: /Users/alex/Google Drive/projects/web/neo4j_farting_about/db/neo4j-development/neostore.nodestore.db hit=10 miss=0 switches=0 ooe=0
2013-05-22 16:17:50.783+0000: /Users/alex/Google Drive/projects/web/neo4j_farting_about/db/neo4j-development/neostore hit=0 miss=20 switches=0 ooe=0
2013-05-22 16:17:50.785+0000: NeoStore closed
2013-05-22 16:17:50.786+0000: --- SHUTDOWN diagnostics START ---
2013-05-22 16:17:50.786+0000: --- SHUTDOWN diagnostics END ---
